0 verbose cli /opt/homebrew/Cellar/node/26.3.0/bin/node /opt/homebrew/bin/npm
1 info using npm@11.16.0
2 info using node@v26.3.0
3 silly config load:file:/opt/homebrew/lib/node_modules/npm/npmrc
4 silly config load:file:/Users/parva/Downloads/gh-parva-shastri/Personal/mono.arcade/fearless-hawking/.npmrc
5 silly config load:file:/Users/parva/.npmrc
6 silly config load:file:/opt/homebrew/etc/npmrc
7 verbose title npm install
8 verbose argv "install" "--cache" "./local-npm-cache"
9 verbose logfile logs-max:10 dir:/Users/parva/Downloads/gh-parva-shastri/Personal/mono.arcade/fearless-hawking/local-npm-cache/_logs/2026-06-13T15_24_33_233Z-
10 verbose logfile /Users/parva/Downloads/gh-parva-shastri/Personal/mono.arcade/fearless-hawking/local-npm-cache/_logs/2026-06-13T15_24_33_233Z-debug-0.log
11 silly logfile done cleaning log files
12 silly packumentCache heap:2248146944 maxSize:562036736 maxEntrySize:281018368
13 silly idealTree buildDeps
14 silly reify mark retired [
14 silly reify   '/Users/parva/Downloads/gh-parva-shastri/Personal/mono.arcade/fearless-hawking/node_modules/@babel/types'
14 silly reify ]
15 silly reify mark retired [
15 silly reify   '/Users/parva/Downloads/gh-parva-shastri/Personal/mono.arcade/fearless-hawking/node_modules/@eslint-community/eslint-utils'
15 silly reify ]
16 silly reify moves {
16 silly reify   '/Users/parva/Downloads/gh-parva-shastri/Personal/mono.arcade/fearless-hawking/node_modules/@babel/types': '/Users/parva/Downloads/gh-parva-shastri/Personal/mono.arcade/fearless-hawking/node_modules/@babel/.types-YrjTPNmE',
16 silly reify   '/Users/parva/Downloads/gh-parva-shastri/Personal/mono.arcade/fearless-hawking/node_modules/@eslint-community/eslint-utils': '/Users/parva/Downloads/gh-parva-shastri/Personal/mono.arcade/fearless-hawking/node_modules/@eslint-community/.eslint-utils-FbA8VJsr'
16 silly reify }
17 silly audit bulk request {
17 silly audit   '@babel/code-frame': [ '7.29.7' ],
17 silly audit   '@babel/compat-data': [ '7.29.7' ],
17 silly audit   '@babel/core': [ '7.29.7' ],
17 silly audit   '@babel/generator': [ '7.29.7' ],
17 silly audit   '@babel/helper-compilation-targets': [ '7.29.7' ],
17 silly audit   '@babel/helper-globals': [ '7.29.7' ],
17 silly audit   '@babel/helper-module-imports': [ '7.29.7' ],
17 silly audit   '@babel/helper-module-transforms': [ '7.29.7' ],
17 silly audit   '@babel/helper-string-parser': [ '7.29.7' ],
17 silly audit   '@babel/helper-validator-identifier': [ '7.29.7' ],
17 silly audit   '@babel/helper-validator-option': [ '7.29.7' ],
17 silly audit   '@babel/helpers': [ '7.29.7' ],
17 silly audit   '@babel/parser': [ '7.29.7' ],
17 silly audit   '@babel/template': [ '7.29.7' ],
17 silly audit   '@babel/traverse': [ '7.29.7' ],
17 silly audit   '@babel/types': [ '7.29.7' ],
17 silly audit   '@emnapi/core': [ '1.10.0' ],
17 silly audit   '@emnapi/runtime': [ '1.10.0' ],
17 silly audit   '@emnapi/wasi-threads': [ '1.2.1' ],
17 silly audit   '@eslint-community/eslint-utils': [ '4.9.1' ],
17 silly audit   'eslint-visitor-keys': [ '3.4.3', '5.0.1' ],
17 silly audit   '@eslint-community/regexpp': [ '4.12.2' ],
17 silly audit   '@eslint/config-array': [ '0.23.5' ],
17 silly audit   '@eslint/config-helpers': [ '0.6.0' ],
17 silly audit   '@eslint/core': [ '1.2.1' ],
17 silly audit   '@eslint/js': [ '10.0.1' ],
17 silly audit   '@eslint/object-schema': [ '3.0.5' ],
17 silly audit   '@eslint/plugin-kit': [ '0.7.2' ],
17 silly audit   '@humanfs/core': [ '0.19.2' ],
17 silly audit   '@humanfs/node': [ '0.16.8' ],
17 silly audit   '@humanfs/types': [ '0.15.0' ],
17 silly audit   '@humanwhocodes/module-importer': [ '1.0.1' ],
17 silly audit   '@humanwhocodes/retry': [ '0.4.3' ],
17 silly audit   '@jridgewell/gen-mapping': [ '0.3.13' ],
17 silly audit   '@jridgewell/remapping': [ '2.3.5' ],
17 silly audit   '@jridgewell/resolve-uri': [ '3.1.2' ],
17 silly audit   '@jridgewell/sourcemap-codec': [ '1.5.5' ],
17 silly audit   '@jridgewell/trace-mapping': [ '0.3.31' ],
17 silly audit   '@napi-rs/wasm-runtime': [ '1.1.5' ],
17 silly audit   '@oxc-project/types': [ '0.133.0' ],
17 silly audit   '@rolldown/binding-android-arm64': [ '1.0.3' ],
17 silly audit   '@rolldown/binding-darwin-arm64': [ '1.0.3' ],
17 silly audit   '@rolldown/binding-darwin-x64': [ '1.0.3' ],
17 silly audit   '@rolldown/binding-freebsd-x64': [ '1.0.3' ],
17 silly audit   '@rolldown/binding-linux-arm-gnueabihf': [ '1.0.3' ],
17 silly audit   '@rolldown/binding-linux-arm64-gnu': [ '1.0.3' ],
17 silly audit   '@rolldown/binding-linux-arm64-musl': [ '1.0.3' ],
17 silly audit   '@rolldown/binding-linux-ppc64-gnu': [ '1.0.3' ],
17 silly audit   '@rolldown/binding-linux-s390x-gnu': [ '1.0.3' ],
17 silly audit   '@rolldown/binding-linux-x64-gnu': [ '1.0.3' ],
17 silly audit   '@rolldown/binding-linux-x64-musl': [ '1.0.3' ],
17 silly audit   '@rolldown/binding-openharmony-arm64': [ '1.0.3' ],
17 silly audit   '@rolldown/binding-wasm32-wasi': [ '1.0.3' ],
17 silly audit   '@rolldown/binding-win32-arm64-msvc': [ '1.0.3' ],
17 silly audit   '@rolldown/binding-win32-x64-msvc': [ '1.0.3' ],
17 silly audit   '@rolldown/pluginutils': [ '1.0.1' ],
17 silly audit   '@tybys/wasm-util': [ '0.10.2' ],
17 silly audit   '@types/canvas-confetti': [ '1.9.0' ],
17 silly audit   '@types/esrecurse': [ '4.3.1' ],
17 silly audit   '@types/estree': [ '1.0.9' ],
17 silly audit   '@types/json-schema': [ '7.0.15' ],
17 silly audit   '@types/node': [ '24.13.2' ],
17 silly audit   '@types/react': [ '19.2.17' ],
17 silly audit   '@types/react-dom': [ '19.2.3' ],
17 silly audit   '@typescript-eslint/eslint-plugin': [ '8.61.0' ],
17 silly audit   ignore: [ '7.0.5', '5.3.2' ],
17 silly audit   '@typescript-eslint/parser': [ '8.61.0' ],
17 silly audit   '@typescript-eslint/project-service': [ '8.61.0' ],
17 silly audit   '@typescript-eslint/scope-manager': [ '8.61.0' ],
17 silly audit   '@typescript-eslint/tsconfig-utils': [ '8.61.0' ],
17 silly audit   '@typescript-eslint/type-utils': [ '8.61.0' ],
17 silly audit   '@typescript-eslint/types': [ '8.61.0' ],
17 silly audit   '@typescript-eslint/typescript-estree': [ '8.61.0' ],
17 silly audit   semver: [ '7.8.4', '6.3.1' ],
17 silly audit   '@typescript-eslint/utils': [ '8.61.0' ],
17 silly audit   '@typescript-eslint/visitor-keys': [ '8.61.0' ],
17 silly audit   '@vitejs/plugin-react': [ '6.0.2' ],
17 silly audit   acorn: [ '8.17.0' ],
17 silly audit   'acorn-jsx': [ '5.3.2' ],
17 silly audit   ajv: [ '6.15.0' ],
17 silly audit   'balanced-match': [ '4.0.4' ],
17 silly audit   'baseline-browser-mapping': [ '2.10.37' ],
17 silly audit   'brace-expansion': [ '5.0.6' ],
17 silly audit   browserslist: [ '4.28.2' ],
17 silly audit   'caniuse-lite': [ '1.0.30001799' ],
17 silly audit   'canvas-confetti': [ '1.9.4' ],
17 silly audit   'convert-source-map': [ '2.0.0' ],
17 silly audit   'cross-spawn': [ '7.0.6' ],
17 silly audit   csstype: [ '3.2.3' ],
17 silly audit   debug: [ '4.4.3' ],
17 silly audit   'deep-is': [ '0.1.4' ],
17 silly audit   'detect-libc': [ '2.1.2' ],
17 silly audit   'electron-to-chromium': [ '1.5.372' ],
17 silly audit   escalade: [ '3.2.0' ],
17 silly audit   'escape-string-regexp': [ '4.0.0' ],
17 silly audit   eslint: [ '10.5.0' ],
17 silly audit   'eslint-plugin-react-hooks': [ '7.1.1' ],
17 silly audit   'eslint-plugin-react-refresh': [ '0.5.2' ],
17 silly audit   'eslint-scope': [ '9.1.2' ],
17 silly audit   espree: [ '11.2.0' ],
17 silly audit   esquery: [ '1.7.0' ],
17 silly audit   esrecurse: [ '4.3.0' ],
17 silly audit   estraverse: [ '5.3.0' ],
17 silly audit   esutils: [ '2.0.3' ],
17 silly audit   'fast-deep-equal': [ '3.1.3' ],
17 silly audit   'fast-json-stable-stringify': [ '2.1.0' ],
17 silly audit   'fast-levenshtein': [ '2.0.6' ],
17 silly audit   fdir: [ '6.5.0' ],
17 silly audit   'file-entry-cache': [ '8.0.0' ],
17 silly audit   'find-up': [ '5.0.0' ],
17 silly audit   'flat-cache': [ '4.0.1' ],
17 silly audit   flatted: [ '3.4.2' ],
17 silly audit   fsevents: [ '2.3.3' ],
17 silly audit   gensync: [ '1.0.0-beta.2' ],
17 silly audit   'glob-parent': [ '6.0.2' ],
17 silly audit   globals: [ '17.6.0' ],
17 silly audit   'hermes-estree': [ '0.25.1' ],
17 silly audit   'hermes-parser': [ '0.25.1' ],
17 silly audit   imurmurhash: [ '0.1.4' ],
17 silly audit   'is-extglob': [ '2.1.1' ],
17 silly audit   'is-glob': [ '4.0.3' ],
17 silly audit   isexe: [ '2.0.0' ],
17 silly audit   'js-tokens': [ '4.0.0' ],
17 silly audit   jsesc: [ '3.1.0' ],
17 silly audit   'json-buffer': [ '3.0.1' ],
17 silly audit   'json-schema-traverse': [ '0.4.1' ],
17 silly audit   'json-stable-stringify-without-jsonify': [ '1.0.1' ],
17 silly audit   json5: [ '2.2.3' ],
17 silly audit   keyv: [ '4.5.4' ],
17 silly audit   levn: [ '0.4.1' ],
17 silly audit   lightningcss: [ '1.32.0' ],
17 silly audit   'lightningcss-android-arm64': [ '1.32.0' ],
17 silly audit   'lightningcss-darwin-arm64': [ '1.32.0' ],
17 silly audit   'lightningcss-darwin-x64': [ '1.32.0' ],
17 silly audit   'lightningcss-freebsd-x64': [ '1.32.0' ],
17 silly audit   'lightningcss-linux-arm-gnueabihf': [ '1.32.0' ],
17 silly audit   'lightningcss-linux-arm64-gnu': [ '1.32.0' ],
17 silly audit   'lightningcss-linux-arm64-musl': [ '1.32.0' ],
17 silly audit   'lightningcss-linux-x64-gnu': [ '1.32.0' ],
17 silly audit   'lightningcss-linux-x64-musl': [ '1.32.0' ],
17 silly audit   'lightningcss-win32-arm64-msvc': [ '1.32.0' ],
17 silly audit   'lightningcss-win32-x64-msvc': [ '1.32.0' ],
17 silly audit   'locate-path': [ '6.0.0' ],
17 silly audit   'lru-cache': [ '5.1.1' ],
17 silly audit   'lucide-react': [ '1.18.0' ],
17 silly audit   minimatch: [ '10.2.5' ],
17 silly audit   ms: [ '2.1.3' ],
17 silly audit   nanoid: [ '3.3.12' ],
17 silly audit   'natural-compare': [ '1.4.0' ],
17 silly audit   'node-releases': [ '2.0.47' ],
17 silly audit   optionator: [ '0.9.4' ],
17 silly audit   'p-limit': [ '3.1.0' ],
17 silly audit   'p-locate': [ '5.0.0' ],
17 silly audit   'path-exists': [ '4.0.0' ],
17 silly audit   'path-key': [ '3.1.1' ],
17 silly audit   picocolors: [ '1.1.1' ],
17 silly audit   picomatch: [ '4.0.4' ],
17 silly audit   postcss: [ '8.5.15' ],
17 silly audit   'prelude-ls': [ '1.2.1' ],
17 silly audit   punycode: [ '2.3.1' ],
17 silly audit   react: [ '19.2.7' ],
17 silly audit   'react-dom': [ '19.2.7' ],
17 silly audit   rolldown: [ '1.0.3' ],
17 silly audit   scheduler: [ '0.27.0' ],
17 silly audit   'shebang-command': [ '2.0.0' ],
17 silly audit   'shebang-regex': [ '3.0.0' ],
17 silly audit   'source-map-js': [ '1.2.1' ],
17 silly audit   tinyglobby: [ '0.2.17' ],
17 silly audit   'ts-api-utils': [ '2.5.0' ],
17 silly audit   tslib: [ '2.8.1' ],
17 silly audit   'type-check': [ '0.4.0' ],
17 silly audit   typescript: [ '6.0.3' ],
17 silly audit   'typescript-eslint': [ '8.61.0' ],
17 silly audit   'undici-types': [ '7.18.2' ],
17 silly audit   'update-browserslist-db': [ '1.2.3' ],
17 silly audit   'uri-js': [ '4.4.1' ],
17 silly audit   vite: [ '8.0.16' ],
17 silly audit   which: [ '2.0.2' ],
17 silly audit   'word-wrap': [ '1.2.5' ],
17 silly audit   yallist: [ '3.1.1' ],
17 silly audit   'yocto-queue': [ '0.1.0' ],
17 silly audit   zod: [ '4.4.3' ],
17 silly audit   'zod-validation-error': [ '4.0.2' ]
17 silly audit }
18 http cache zod-validation-error@https://registry.npmjs.org/zod-validation-error/-/zod-validation-error-4.0.2.tgz 0ms (cache hit)
19 http cache yocto-queue@https://registry.npmjs.org/yocto-queue/-/yocto-queue-0.1.0.tgz 0ms (cache hit)
20 http cache zod@https://registry.npmjs.org/zod/-/zod-4.4.3.tgz 0ms (cache hit)
21 http cache yallist@https://registry.npmjs.org/yallist/-/yallist-3.1.1.tgz 0ms (cache hit)
22 http cache word-wrap@https://registry.npmjs.org/word-wrap/-/word-wrap-1.2.5.tgz 0ms (cache hit)
23 http cache which@https://registry.npmjs.org/which/-/which-2.0.2.tgz 0ms (cache hit)
24 http cache vite@https://registry.npmjs.org/vite/-/vite-8.0.16.tgz 0ms (cache hit)
25 http cache uri-js@https://registry.npmjs.org/uri-js/-/uri-js-4.4.1.tgz 0ms (cache hit)
26 http cache update-browserslist-db@https://registry.npmjs.org/update-browserslist-db/-/update-browserslist-db-1.2.3.tgz 0ms (cache hit)
27 http cache undici-types@https://registry.npmjs.org/undici-types/-/undici-types-7.18.2.tgz 0ms (cache hit)
28 http cache typescript-eslint@https://registry.npmjs.org/typescript-eslint/-/typescript-eslint-8.61.0.tgz 0ms (cache hit)
29 http cache typescript@https://registry.npmjs.org/typescript/-/typescript-6.0.3.tgz 0ms (cache hit)
30 http cache type-check@https://registry.npmjs.org/type-check/-/type-check-0.4.0.tgz 0ms (cache hit)
31 http cache ts-api-utils@https://registry.npmjs.org/ts-api-utils/-/ts-api-utils-2.5.0.tgz 0ms (cache hit)
32 http cache tinyglobby@https://registry.npmjs.org/tinyglobby/-/tinyglobby-0.2.17.tgz 0ms (cache hit)
33 http cache source-map-js@https://registry.npmjs.org/source-map-js/-/source-map-js-1.2.1.tgz 0ms (cache hit)
34 http cache shebang-regex@https://registry.npmjs.org/shebang-regex/-/shebang-regex-3.0.0.tgz 0ms (cache hit)
35 http cache shebang-command@https://registry.npmjs.org/shebang-command/-/shebang-command-2.0.0.tgz 0ms (cache hit)
36 http cache semver@https://registry.npmjs.org/semver/-/semver-6.3.1.tgz 0ms (cache hit)
37 http cache rolldown@https://registry.npmjs.org/rolldown/-/rolldown-1.0.3.tgz 0ms (cache hit)
38 http cache scheduler@https://registry.npmjs.org/scheduler/-/scheduler-0.27.0.tgz 0ms (cache hit)
39 http cache react-dom@https://registry.npmjs.org/react-dom/-/react-dom-19.2.7.tgz 0ms (cache hit)
40 http cache punycode@https://registry.npmjs.org/punycode/-/punycode-2.3.1.tgz 0ms (cache hit)
41 http cache react@https://registry.npmjs.org/react/-/react-19.2.7.tgz 0ms (cache hit)
42 http cache picomatch@https://registry.npmjs.org/picomatch/-/picomatch-4.0.4.tgz 0ms (cache hit)
43 http cache picocolors@https://registry.npmjs.org/picocolors/-/picocolors-1.1.1.tgz 0ms (cache hit)
44 http cache path-key@https://registry.npmjs.org/path-key/-/path-key-3.1.1.tgz 0ms (cache hit)
45 http cache path-exists@https://registry.npmjs.org/path-exists/-/path-exists-4.0.0.tgz 0ms (cache hit)
46 http cache p-locate@https://registry.npmjs.org/p-locate/-/p-locate-5.0.0.tgz 0ms (cache hit)
47 http cache postcss@https://registry.npmjs.org/postcss/-/postcss-8.5.15.tgz 0ms (cache hit)
48 http cache p-limit@https://registry.npmjs.org/p-limit/-/p-limit-3.1.0.tgz 0ms (cache hit)
49 http cache node-releases@https://registry.npmjs.org/node-releases/-/node-releases-2.0.47.tgz 0ms (cache hit)
50 http cache optionator@https://registry.npmjs.org/optionator/-/optionator-0.9.4.tgz 0ms (cache hit)
51 http cache ms@https://registry.npmjs.org/ms/-/ms-2.1.3.tgz 0ms (cache hit)
52 http cache natural-compare@https://registry.npmjs.org/natural-compare/-/natural-compare-1.4.0.tgz 0ms (cache hit)
53 http cache minimatch@https://registry.npmjs.org/minimatch/-/minimatch-10.2.5.tgz 0ms (cache hit)
54 http cache lucide-react@https://registry.npmjs.org/lucide-react/-/lucide-react-1.18.0.tgz 0ms (cache hit)
55 http cache prelude-ls@https://registry.npmjs.org/prelude-ls/-/prelude-ls-1.2.1.tgz 0ms (cache hit)
56 http cache lru-cache@https://registry.npmjs.org/lru-cache/-/lru-cache-5.1.1.tgz 0ms (cache hit)
57 http cache locate-path@https://registry.npmjs.org/locate-path/-/locate-path-6.0.0.tgz 0ms (cache hit)
58 http cache lightningcss@https://registry.npmjs.org/lightningcss/-/lightningcss-1.32.0.tgz 0ms (cache hit)
59 http cache nanoid@https://registry.npmjs.org/nanoid/-/nanoid-3.3.12.tgz 0ms (cache hit)
60 http cache levn@https://registry.npmjs.org/levn/-/levn-0.4.1.tgz 0ms (cache hit)
61 http cache keyv@https://registry.npmjs.org/keyv/-/keyv-4.5.4.tgz 0ms (cache hit)
62 http cache json5@https://registry.npmjs.org/json5/-/json5-2.2.3.tgz 0ms (cache hit)
63 http cache json-stable-stringify-without-jsonify@https://registry.npmjs.org/json-stable-stringify-without-jsonify/-/json-stable-stringify-without-jsonify-1.0.1.tgz 0ms (cache hit)
64 http cache json-schema-traverse@https://registry.npmjs.org/json-schema-traverse/-/json-schema-traverse-0.4.1.tgz 0ms (cache hit)
65 http cache json-buffer@https://registry.npmjs.org/json-buffer/-/json-buffer-3.0.1.tgz 0ms (cache hit)
66 http cache jsesc@https://registry.npmjs.org/jsesc/-/jsesc-3.1.0.tgz 0ms (cache hit)
67 http cache js-tokens@https://registry.npmjs.org/js-tokens/-/js-tokens-4.0.0.tgz 0ms (cache hit)
68 http cache is-extglob@https://registry.npmjs.org/is-extglob/-/is-extglob-2.1.1.tgz 0ms (cache hit)
69 http cache isexe@https://registry.npmjs.org/isexe/-/isexe-2.0.0.tgz 0ms (cache hit)
70 http cache is-glob@https://registry.npmjs.org/is-glob/-/is-glob-4.0.3.tgz 0ms (cache hit)
71 http cache imurmurhash@https://registry.npmjs.org/imurmurhash/-/imurmurhash-0.1.4.tgz 0ms (cache hit)
72 http cache ignore@https://registry.npmjs.org/ignore/-/ignore-5.3.2.tgz 0ms (cache hit)
73 http cache hermes-parser@https://registry.npmjs.org/hermes-parser/-/hermes-parser-0.25.1.tgz 0ms (cache hit)
74 http cache hermes-estree@https://registry.npmjs.org/hermes-estree/-/hermes-estree-0.25.1.tgz 0ms (cache hit)
75 http cache lightningcss-darwin-arm64@https://registry.npmjs.org/lightningcss-darwin-arm64/-/lightningcss-darwin-arm64-1.32.0.tgz 0ms (cache hit)
76 http cache glob-parent@https://registry.npmjs.org/glob-parent/-/glob-parent-6.0.2.tgz 0ms (cache hit)
77 http cache fsevents@https://registry.npmjs.org/fsevents/-/fsevents-2.3.3.tgz 0ms (cache hit)
78 http cache flatted@https://registry.npmjs.org/flatted/-/flatted-3.4.2.tgz 0ms (cache hit)
79 http cache flat-cache@https://registry.npmjs.org/flat-cache/-/flat-cache-4.0.1.tgz 0ms (cache hit)
80 http cache find-up@https://registry.npmjs.org/find-up/-/find-up-5.0.0.tgz 0ms (cache hit)
81 http cache gensync@https://registry.npmjs.org/gensync/-/gensync-1.0.0-beta.2.tgz 0ms (cache hit)
82 http cache file-entry-cache@https://registry.npmjs.org/file-entry-cache/-/file-entry-cache-8.0.0.tgz 0ms (cache hit)
83 http cache fdir@https://registry.npmjs.org/fdir/-/fdir-6.5.0.tgz 0ms (cache hit)
84 http cache fast-json-stable-stringify@https://registry.npmjs.org/fast-json-stable-stringify/-/fast-json-stable-stringify-2.1.0.tgz 0ms (cache hit)
85 http cache fast-deep-equal@https://registry.npmjs.org/fast-deep-equal/-/fast-deep-equal-3.1.3.tgz 0ms (cache hit)
86 http cache fast-levenshtein@https://registry.npmjs.org/fast-levenshtein/-/fast-levenshtein-2.0.6.tgz 0ms (cache hit)
87 http cache esutils@https://registry.npmjs.org/esutils/-/esutils-2.0.3.tgz 0ms (cache hit)
88 http cache estraverse@https://registry.npmjs.org/estraverse/-/estraverse-5.3.0.tgz 0ms (cache hit)
89 http cache esrecurse@https://registry.npmjs.org/esrecurse/-/esrecurse-4.3.0.tgz 0ms (cache hit)
90 http cache esquery@https://registry.npmjs.org/esquery/-/esquery-1.7.0.tgz 0ms (cache hit)
91 http cache espree@https://registry.npmjs.org/espree/-/espree-11.2.0.tgz 0ms (cache hit)
92 http cache eslint-visitor-keys@https://registry.npmjs.org/eslint-visitor-keys/-/eslint-visitor-keys-5.0.1.tgz 0ms (cache hit)
93 http cache eslint-scope@https://registry.npmjs.org/eslint-scope/-/eslint-scope-9.1.2.tgz 0ms (cache hit)
94 http cache eslint-plugin-react-refresh@https://registry.npmjs.org/eslint-plugin-react-refresh/-/eslint-plugin-react-refresh-0.5.2.tgz 0ms (cache hit)
95 http cache eslint-plugin-react-hooks@https://registry.npmjs.org/eslint-plugin-react-hooks/-/eslint-plugin-react-hooks-7.1.1.tgz 0ms (cache hit)
96 http cache eslint@https://registry.npmjs.org/eslint/-/eslint-10.5.0.tgz 0ms (cache hit)
97 http cache escalade@https://registry.npmjs.org/escalade/-/escalade-3.2.0.tgz 0ms (cache hit)
98 http cache escape-string-regexp@https://registry.npmjs.org/escape-string-regexp/-/escape-string-regexp-4.0.0.tgz 0ms (cache hit)
99 http cache globals@https://registry.npmjs.org/globals/-/globals-17.6.0.tgz 0ms (cache hit)
100 http cache electron-to-chromium@https://registry.npmjs.org/electron-to-chromium/-/electron-to-chromium-1.5.372.tgz 0ms (cache hit)
101 http cache detect-libc@https://registry.npmjs.org/detect-libc/-/detect-libc-2.1.2.tgz 0ms (cache hit)
102 http cache deep-is@https://registry.npmjs.org/deep-is/-/deep-is-0.1.4.tgz 0ms (cache hit)
103 http cache cross-spawn@https://registry.npmjs.org/cross-spawn/-/cross-spawn-7.0.6.tgz 0ms (cache hit)
104 http cache convert-source-map@https://registry.npmjs.org/convert-source-map/-/convert-source-map-2.0.0.tgz 0ms (cache hit)
105 http cache csstype@https://registry.npmjs.org/csstype/-/csstype-3.2.3.tgz 0ms (cache hit)
106 http cache canvas-confetti@https://registry.npmjs.org/canvas-confetti/-/canvas-confetti-1.9.4.tgz 0ms (cache hit)
107 http cache caniuse-lite@https://registry.npmjs.org/caniuse-lite/-/caniuse-lite-1.0.30001799.tgz 0ms (cache hit)
108 http cache browserslist@https://registry.npmjs.org/browserslist/-/browserslist-4.28.2.tgz 0ms (cache hit)
109 http cache brace-expansion@https://registry.npmjs.org/brace-expansion/-/brace-expansion-5.0.6.tgz 0ms (cache hit)
110 http cache baseline-browser-mapping@https://registry.npmjs.org/baseline-browser-mapping/-/baseline-browser-mapping-2.10.37.tgz 0ms (cache hit)
111 http cache debug@https://registry.npmjs.org/debug/-/debug-4.4.3.tgz 0ms (cache hit)
112 http cache ajv@https://registry.npmjs.org/ajv/-/ajv-6.15.0.tgz 0ms (cache hit)
113 http cache acorn@https://registry.npmjs.org/acorn/-/acorn-8.17.0.tgz 0ms (cache hit)
114 http cache @vitejs/plugin-react@https://registry.npmjs.org/@vitejs/plugin-react/-/plugin-react-6.0.2.tgz 0ms (cache hit)
115 http cache @typescript-eslint/visitor-keys@https://registry.npmjs.org/@typescript-eslint/visitor-keys/-/visitor-keys-8.61.0.tgz 0ms (cache hit)
116 http cache balanced-match@https://registry.npmjs.org/balanced-match/-/balanced-match-4.0.4.tgz 0ms (cache hit)
117 http cache @typescript-eslint/utils@https://registry.npmjs.org/@typescript-eslint/utils/-/utils-8.61.0.tgz 0ms (cache hit)
118 http cache @typescript-eslint/typescript-estree@https://registry.npmjs.org/@typescript-eslint/typescript-estree/-/typescript-estree-8.61.0.tgz 0ms (cache hit)
119 http cache @typescript-eslint/type-utils@https://registry.npmjs.org/@typescript-eslint/type-utils/-/type-utils-8.61.0.tgz 0ms (cache hit)
120 http cache @typescript-eslint/types@https://registry.npmjs.org/@typescript-eslint/types/-/types-8.61.0.tgz 0ms (cache hit)
121 http cache acorn-jsx@https://registry.npmjs.org/acorn-jsx/-/acorn-jsx-5.3.2.tgz 0ms (cache hit)
122 http cache @typescript-eslint/tsconfig-utils@https://registry.npmjs.org/@typescript-eslint/tsconfig-utils/-/tsconfig-utils-8.61.0.tgz 0ms (cache hit)
123 http cache @typescript-eslint/scope-manager@https://registry.npmjs.org/@typescript-eslint/scope-manager/-/scope-manager-8.61.0.tgz 0ms (cache hit)
124 http cache @typescript-eslint/parser@https://registry.npmjs.org/@typescript-eslint/parser/-/parser-8.61.0.tgz 0ms (cache hit)
125 http cache @types/react@https://registry.npmjs.org/@types/react/-/react-19.2.17.tgz 0ms (cache hit)
126 http cache @typescript-eslint/eslint-plugin@https://registry.npmjs.org/@typescript-eslint/eslint-plugin/-/eslint-plugin-8.61.0.tgz 0ms (cache hit)
127 http cache @types/node@https://registry.npmjs.org/@types/node/-/node-24.13.2.tgz 0ms (cache hit)
128 http cache @typescript-eslint/project-service@https://registry.npmjs.org/@typescript-eslint/project-service/-/project-service-8.61.0.tgz 0ms (cache hit)
129 http cache @types/json-schema@https://registry.npmjs.org/@types/json-schema/-/json-schema-7.0.15.tgz 0ms (cache hit)
130 http cache @rolldown/pluginutils@https://registry.npmjs.org/@rolldown/pluginutils/-/pluginutils-1.0.1.tgz 0ms (cache hit)
131 http cache @types/estree@https://registry.npmjs.org/@types/estree/-/estree-1.0.9.tgz 0ms (cache hit)
132 http cache @types/esrecurse@https://registry.npmjs.org/@types/esrecurse/-/esrecurse-4.3.1.tgz 0ms (cache hit)
133 http cache @oxc-project/types@https://registry.npmjs.org/@oxc-project/types/-/types-0.133.0.tgz 0ms (cache hit)
134 http cache @rolldown/binding-darwin-arm64@https://registry.npmjs.org/@rolldown/binding-darwin-arm64/-/binding-darwin-arm64-1.0.3.tgz 0ms (cache hit)
135 http cache @jridgewell/trace-mapping@https://registry.npmjs.org/@jridgewell/trace-mapping/-/trace-mapping-0.3.31.tgz 0ms (cache hit)
136 http cache @jridgewell/resolve-uri@https://registry.npmjs.org/@jridgewell/resolve-uri/-/resolve-uri-3.1.2.tgz 0ms (cache hit)
137 http cache @types/react-dom@https://registry.npmjs.org/@types/react-dom/-/react-dom-19.2.3.tgz 0ms (cache hit)
138 http cache @jridgewell/remapping@https://registry.npmjs.org/@jridgewell/remapping/-/remapping-2.3.5.tgz 0ms (cache hit)
139 http cache @jridgewell/sourcemap-codec@https://registry.npmjs.org/@jridgewell/sourcemap-codec/-/sourcemap-codec-1.5.5.tgz 0ms (cache hit)
140 http cache @jridgewell/gen-mapping@https://registry.npmjs.org/@jridgewell/gen-mapping/-/gen-mapping-0.3.13.tgz 0ms (cache hit)
141 http cache @humanwhocodes/module-importer@https://registry.npmjs.org/@humanwhocodes/module-importer/-/module-importer-1.0.1.tgz 0ms (cache hit)
142 http cache @types/canvas-confetti@https://registry.npmjs.org/@types/canvas-confetti/-/canvas-confetti-1.9.0.tgz 0ms (cache hit)
143 http cache @humanfs/core@https://registry.npmjs.org/@humanfs/core/-/core-0.19.2.tgz 0ms (cache hit)
144 http cache @humanwhocodes/retry@https://registry.npmjs.org/@humanwhocodes/retry/-/retry-0.4.3.tgz 0ms (cache hit)
145 http cache @humanfs/types@https://registry.npmjs.org/@humanfs/types/-/types-0.15.0.tgz 0ms (cache hit)
146 http cache @eslint/core@https://registry.npmjs.org/@eslint/core/-/core-1.2.1.tgz 0ms (cache hit)
147 http cache @eslint/object-schema@https://registry.npmjs.org/@eslint/object-schema/-/object-schema-3.0.5.tgz 0ms (cache hit)
148 http cache @humanfs/node@https://registry.npmjs.org/@humanfs/node/-/node-0.16.8.tgz 0ms (cache hit)
149 http cache @eslint/plugin-kit@https://registry.npmjs.org/@eslint/plugin-kit/-/plugin-kit-0.7.2.tgz 0ms (cache hit)
150 http cache @eslint/config-array@https://registry.npmjs.org/@eslint/config-array/-/config-array-0.23.5.tgz 0ms (cache hit)
151 http cache @babel/traverse@https://registry.npmjs.org/@babel/traverse/-/traverse-7.29.7.tgz 0ms (cache hit)
152 http cache @eslint/js@https://registry.npmjs.org/@eslint/js/-/js-10.0.1.tgz 0ms (cache hit)
153 http cache @babel/helpers@https://registry.npmjs.org/@babel/helpers/-/helpers-7.29.7.tgz 0ms (cache hit)
154 http cache @babel/template@https://registry.npmjs.org/@babel/template/-/template-7.29.7.tgz 0ms (cache hit)
155 http cache @eslint/config-helpers@https://registry.npmjs.org/@eslint/config-helpers/-/config-helpers-0.6.0.tgz 0ms (cache hit)
156 http cache @babel/helper-validator-identifier@https://registry.npmjs.org/@babel/helper-validator-identifier/-/helper-validator-identifier-7.29.7.tgz 0ms (cache hit)
157 http cache @babel/helper-module-imports@https://registry.npmjs.org/@babel/helper-module-imports/-/helper-module-imports-7.29.7.tgz 0ms (cache hit)
158 http cache @babel/parser@https://registry.npmjs.org/@babel/parser/-/parser-7.29.7.tgz 0ms (cache hit)
159 http cache @babel/helper-module-transforms@https://registry.npmjs.org/@babel/helper-module-transforms/-/helper-module-transforms-7.29.7.tgz 0ms (cache hit)
160 http cache @eslint-community/regexpp@https://registry.npmjs.org/@eslint-community/regexpp/-/regexpp-4.12.2.tgz 0ms (cache hit)
161 http cache @babel/helper-globals@https://registry.npmjs.org/@babel/helper-globals/-/helper-globals-7.29.7.tgz 0ms (cache hit)
162 http cache @babel/helper-validator-option@https://registry.npmjs.org/@babel/helper-validator-option/-/helper-validator-option-7.29.7.tgz 0ms (cache hit)
163 http cache @babel/helper-compilation-targets@https://registry.npmjs.org/@babel/helper-compilation-targets/-/helper-compilation-targets-7.29.7.tgz 0ms (cache hit)
164 http cache @babel/generator@https://registry.npmjs.org/@babel/generator/-/generator-7.29.7.tgz 0ms (cache hit)
165 http cache @babel/helper-string-parser@https://registry.npmjs.org/@babel/helper-string-parser/-/helper-string-parser-7.29.7.tgz 0ms (cache hit)
166 http cache @eslint-community/eslint-utils@https://registry.npmjs.org/@eslint-community/eslint-utils/-/eslint-utils-4.9.1.tgz 0ms (cache hit)
167 http cache @babel/code-frame@https://registry.npmjs.org/@babel/code-frame/-/code-frame-7.29.7.tgz 0ms (cache hit)
168 http cache semver@https://registry.npmjs.org/semver/-/semver-7.8.4.tgz 0ms (cache hit)
169 http cache @babel/types@https://registry.npmjs.org/@babel/types/-/types-7.29.7.tgz 0ms (cache hit)
170 http cache @babel/compat-data@https://registry.npmjs.org/@babel/compat-data/-/compat-data-7.29.7.tgz 0ms (cache hit)
171 http cache eslint-visitor-keys@https://registry.npmjs.org/eslint-visitor-keys/-/eslint-visitor-keys-3.4.3.tgz 0ms (cache hit)
172 http cache ignore@https://registry.npmjs.org/ignore/-/ignore-7.0.5.tgz 0ms (cache hit)
173 http cache @babel/core@https://registry.npmjs.org/@babel/core/-/core-7.29.7.tgz 0ms (cache hit)
174 silly tarball no local data for zod-validation-error@https://registry.npmjs.org/zod-validation-error/-/zod-validation-error-4.0.2.tgz. Extracting by manifest.
175 silly tarball no local data for yocto-queue@https://registry.npmjs.org/yocto-queue/-/yocto-queue-0.1.0.tgz. Extracting by manifest.
176 silly tarball no local data for zod@https://registry.npmjs.org/zod/-/zod-4.4.3.tgz. Extracting by manifest.
177 silly tarball no local data for yallist@https://registry.npmjs.org/yallist/-/yallist-3.1.1.tgz. Extracting by manifest.
178 silly tarball no local data for word-wrap@https://registry.npmjs.org/word-wrap/-/word-wrap-1.2.5.tgz. Extracting by manifest.
179 silly tarball no local data for which@https://registry.npmjs.org/which/-/which-2.0.2.tgz. Extracting by manifest.
180 silly tarball no local data for vite@https://registry.npmjs.org/vite/-/vite-8.0.16.tgz. Extracting by manifest.
181 silly tarball no local data for uri-js@https://registry.npmjs.org/uri-js/-/uri-js-4.4.1.tgz. Extracting by manifest.
182 silly tarball no local data for update-browserslist-db@https://registry.npmjs.org/update-browserslist-db/-/update-browserslist-db-1.2.3.tgz. Extracting by manifest.
183 silly tarball no local data for undici-types@https://registry.npmjs.org/undici-types/-/undici-types-7.18.2.tgz. Extracting by manifest.
184 silly tarball no local data for typescript-eslint@https://registry.npmjs.org/typescript-eslint/-/typescript-eslint-8.61.0.tgz. Extracting by manifest.
185 silly tarball no local data for typescript@https://registry.npmjs.org/typescript/-/typescript-6.0.3.tgz. Extracting by manifest.
186 silly tarball no local data for type-check@https://registry.npmjs.org/type-check/-/type-check-0.4.0.tgz. Extracting by manifest.
187 silly tarball no local data for ts-api-utils@https://registry.npmjs.org/ts-api-utils/-/ts-api-utils-2.5.0.tgz. Extracting by manifest.
188 silly tarball no local data for tinyglobby@https://registry.npmjs.org/tinyglobby/-/tinyglobby-0.2.17.tgz. Extracting by manifest.
189 silly tarball no local data for source-map-js@https://registry.npmjs.org/source-map-js/-/source-map-js-1.2.1.tgz. Extracting by manifest.
190 silly tarball no local data for shebang-regex@https://registry.npmjs.org/shebang-regex/-/shebang-regex-3.0.0.tgz. Extracting by manifest.
191 silly tarball no local data for shebang-command@https://registry.npmjs.org/shebang-command/-/shebang-command-2.0.0.tgz. Extracting by manifest.
192 silly tarball no local data for semver@https://registry.npmjs.org/semver/-/semver-6.3.1.tgz. Extracting by manifest.
193 silly tarball no local data for rolldown@https://registry.npmjs.org/rolldown/-/rolldown-1.0.3.tgz. Extracting by manifest.
194 silly tarball no local data for scheduler@https://registry.npmjs.org/scheduler/-/scheduler-0.27.0.tgz. Extracting by manifest.
195 silly tarball no local data for react-dom@https://registry.npmjs.org/react-dom/-/react-dom-19.2.7.tgz. Extracting by manifest.
196 silly tarball no local data for punycode@https://registry.npmjs.org/punycode/-/punycode-2.3.1.tgz. Extracting by manifest.
197 silly tarball no local data for react@https://registry.npmjs.org/react/-/react-19.2.7.tgz. Extracting by manifest.
198 silly tarball no local data for picomatch@https://registry.npmjs.org/picomatch/-/picomatch-4.0.4.tgz. Extracting by manifest.
199 silly tarball no local data for picocolors@https://registry.npmjs.org/picocolors/-/picocolors-1.1.1.tgz. Extracting by manifest.
200 silly tarball no local data for path-key@https://registry.npmjs.org/path-key/-/path-key-3.1.1.tgz. Extracting by manifest.
201 silly tarball no local data for path-exists@https://registry.npmjs.org/path-exists/-/path-exists-4.0.0.tgz. Extracting by manifest.
202 silly tarball no local data for p-locate@https://registry.npmjs.org/p-locate/-/p-locate-5.0.0.tgz. Extracting by manifest.
203 silly tarball no local data for postcss@https://registry.npmjs.org/postcss/-/postcss-8.5.15.tgz. Extracting by manifest.
204 silly tarball no local data for p-limit@https://registry.npmjs.org/p-limit/-/p-limit-3.1.0.tgz. Extracting by manifest.
205 silly tarball no local data for node-releases@https://registry.npmjs.org/node-releases/-/node-releases-2.0.47.tgz. Extracting by manifest.
206 silly tarball no local data for optionator@https://registry.npmjs.org/optionator/-/optionator-0.9.4.tgz. Extracting by manifest.
207 silly tarball no local data for ms@https://registry.npmjs.org/ms/-/ms-2.1.3.tgz. Extracting by manifest.
208 silly tarball no local data for natural-compare@https://registry.npmjs.org/natural-compare/-/natural-compare-1.4.0.tgz. Extracting by manifest.
209 silly tarball no local data for minimatch@https://registry.npmjs.org/minimatch/-/minimatch-10.2.5.tgz. Extracting by manifest.
210 silly tarball no local data for lucide-react@https://registry.npmjs.org/lucide-react/-/lucide-react-1.18.0.tgz. Extracting by manifest.
211 silly tarball no local data for prelude-ls@https://registry.npmjs.org/prelude-ls/-/prelude-ls-1.2.1.tgz. Extracting by manifest.
212 silly tarball no local data for lru-cache@https://registry.npmjs.org/lru-cache/-/lru-cache-5.1.1.tgz. Extracting by manifest.
213 silly tarball no local data for locate-path@https://registry.npmjs.org/locate-path/-/locate-path-6.0.0.tgz. Extracting by manifest.
214 silly tarball no local data for lightningcss@https://registry.npmjs.org/lightningcss/-/lightningcss-1.32.0.tgz. Extracting by manifest.
215 silly tarball no local data for nanoid@https://registry.npmjs.org/nanoid/-/nanoid-3.3.12.tgz. Extracting by manifest.
216 silly tarball no local data for levn@https://registry.npmjs.org/levn/-/levn-0.4.1.tgz. Extracting by manifest.
217 silly tarball no local data for keyv@https://registry.npmjs.org/keyv/-/keyv-4.5.4.tgz. Extracting by manifest.
218 silly tarball no local data for json5@https://registry.npmjs.org/json5/-/json5-2.2.3.tgz. Extracting by manifest.
219 silly tarball no local data for json-stable-stringify-without-jsonify@https://registry.npmjs.org/json-stable-stringify-without-jsonify/-/json-stable-stringify-without-jsonify-1.0.1.tgz. Extracting by manifest.
220 silly tarball no local data for json-schema-traverse@https://registry.npmjs.org/json-schema-traverse/-/json-schema-traverse-0.4.1.tgz. Extracting by manifest.
221 silly tarball no local data for json-buffer@https://registry.npmjs.org/json-buffer/-/json-buffer-3.0.1.tgz. Extracting by manifest.
222 silly tarball no local data for jsesc@https://registry.npmjs.org/jsesc/-/jsesc-3.1.0.tgz. Extracting by manifest.
223 silly tarball no local data for js-tokens@https://registry.npmjs.org/js-tokens/-/js-tokens-4.0.0.tgz. Extracting by manifest.
224 silly tarball no local data for is-extglob@https://registry.npmjs.org/is-extglob/-/is-extglob-2.1.1.tgz. Extracting by manifest.
225 silly tarball no local data for isexe@https://registry.npmjs.org/isexe/-/isexe-2.0.0.tgz. Extracting by manifest.
226 silly tarball no local data for is-glob@https://registry.npmjs.org/is-glob/-/is-glob-4.0.3.tgz. Extracting by manifest.
227 silly tarball no local data for imurmurhash@https://registry.npmjs.org/imurmurhash/-/imurmurhash-0.1.4.tgz. Extracting by manifest.
228 silly tarball no local data for ignore@https://registry.npmjs.org/ignore/-/ignore-5.3.2.tgz. Extracting by manifest.
229 silly tarball no local data for hermes-parser@https://registry.npmjs.org/hermes-parser/-/hermes-parser-0.25.1.tgz. Extracting by manifest.
230 silly tarball no local data for hermes-estree@https://registry.npmjs.org/hermes-estree/-/hermes-estree-0.25.1.tgz. Extracting by manifest.
231 silly tarball no local data for lightningcss-darwin-arm64@https://registry.npmjs.org/lightningcss-darwin-arm64/-/lightningcss-darwin-arm64-1.32.0.tgz. Extracting by manifest.
232 silly tarball no local data for glob-parent@https://registry.npmjs.org/glob-parent/-/glob-parent-6.0.2.tgz. Extracting by manifest.
233 silly tarball no local data for fsevents@https://registry.npmjs.org/fsevents/-/fsevents-2.3.3.tgz. Extracting by manifest.
234 silly tarball no local data for flatted@https://registry.npmjs.org/flatted/-/flatted-3.4.2.tgz. Extracting by manifest.
235 silly tarball no local data for flat-cache@https://registry.npmjs.org/flat-cache/-/flat-cache-4.0.1.tgz. Extracting by manifest.
236 silly tarball no local data for find-up@https://registry.npmjs.org/find-up/-/find-up-5.0.0.tgz. Extracting by manifest.
237 silly tarball no local data for gensync@https://registry.npmjs.org/gensync/-/gensync-1.0.0-beta.2.tgz. Extracting by manifest.
238 silly tarball no local data for file-entry-cache@https://registry.npmjs.org/file-entry-cache/-/file-entry-cache-8.0.0.tgz. Extracting by manifest.
239 silly tarball no local data for fdir@https://registry.npmjs.org/fdir/-/fdir-6.5.0.tgz. Extracting by manifest.
240 silly tarball no local data for fast-json-stable-stringify@https://registry.npmjs.org/fast-json-stable-stringify/-/fast-json-stable-stringify-2.1.0.tgz. Extracting by manifest.
241 silly tarball no local data for fast-deep-equal@https://registry.npmjs.org/fast-deep-equal/-/fast-deep-equal-3.1.3.tgz. Extracting by manifest.
242 silly tarball no local data for fast-levenshtein@https://registry.npmjs.org/fast-levenshtein/-/fast-levenshtein-2.0.6.tgz. Extracting by manifest.
243 silly tarball no local data for esutils@https://registry.npmjs.org/esutils/-/esutils-2.0.3.tgz. Extracting by manifest.
244 silly tarball no local data for estraverse@https://registry.npmjs.org/estraverse/-/estraverse-5.3.0.tgz. Extracting by manifest.
245 silly tarball no local data for esrecurse@https://registry.npmjs.org/esrecurse/-/esrecurse-4.3.0.tgz. Extracting by manifest.
246 silly tarball no local data for esquery@https://registry.npmjs.org/esquery/-/esquery-1.7.0.tgz. Extracting by manifest.
247 silly tarball no local data for espree@https://registry.npmjs.org/espree/-/espree-11.2.0.tgz. Extracting by manifest.
248 silly tarball no local data for eslint-visitor-keys@https://registry.npmjs.org/eslint-visitor-keys/-/eslint-visitor-keys-5.0.1.tgz. Extracting by manifest.
249 silly tarball no local data for eslint-scope@https://registry.npmjs.org/eslint-scope/-/eslint-scope-9.1.2.tgz. Extracting by manifest.
250 silly tarball no local data for eslint-plugin-react-refresh@https://registry.npmjs.org/eslint-plugin-react-refresh/-/eslint-plugin-react-refresh-0.5.2.tgz. Extracting by manifest.
251 silly tarball no local data for eslint-plugin-react-hooks@https://registry.npmjs.org/eslint-plugin-react-hooks/-/eslint-plugin-react-hooks-7.1.1.tgz. Extracting by manifest.
252 silly tarball no local data for eslint@https://registry.npmjs.org/eslint/-/eslint-10.5.0.tgz. Extracting by manifest.
253 silly tarball no local data for escalade@https://registry.npmjs.org/escalade/-/escalade-3.2.0.tgz. Extracting by manifest.
254 silly tarball no local data for escape-string-regexp@https://registry.npmjs.org/escape-string-regexp/-/escape-string-regexp-4.0.0.tgz. Extracting by manifest.
255 silly tarball no local data for globals@https://registry.npmjs.org/globals/-/globals-17.6.0.tgz. Extracting by manifest.
256 silly tarball no local data for electron-to-chromium@https://registry.npmjs.org/electron-to-chromium/-/electron-to-chromium-1.5.372.tgz. Extracting by manifest.
257 silly tarball no local data for detect-libc@https://registry.npmjs.org/detect-libc/-/detect-libc-2.1.2.tgz. Extracting by manifest.
258 silly tarball no local data for deep-is@https://registry.npmjs.org/deep-is/-/deep-is-0.1.4.tgz. Extracting by manifest.
259 silly tarball no local data for cross-spawn@https://registry.npmjs.org/cross-spawn/-/cross-spawn-7.0.6.tgz. Extracting by manifest.
260 silly tarball no local data for convert-source-map@https://registry.npmjs.org/convert-source-map/-/convert-source-map-2.0.0.tgz. Extracting by manifest.
261 silly tarball no local data for csstype@https://registry.npmjs.org/csstype/-/csstype-3.2.3.tgz. Extracting by manifest.
262 silly tarball no local data for canvas-confetti@https://registry.npmjs.org/canvas-confetti/-/canvas-confetti-1.9.4.tgz. Extracting by manifest.
263 silly tarball no local data for caniuse-lite@https://registry.npmjs.org/caniuse-lite/-/caniuse-lite-1.0.30001799.tgz. Extracting by manifest.
264 silly tarball no local data for browserslist@https://registry.npmjs.org/browserslist/-/browserslist-4.28.2.tgz. Extracting by manifest.
265 silly tarball no local data for brace-expansion@https://registry.npmjs.org/brace-expansion/-/brace-expansion-5.0.6.tgz. Extracting by manifest.
266 silly tarball no local data for baseline-browser-mapping@https://registry.npmjs.org/baseline-browser-mapping/-/baseline-browser-mapping-2.10.37.tgz. Extracting by manifest.
267 silly tarball no local data for debug@https://registry.npmjs.org/debug/-/debug-4.4.3.tgz. Extracting by manifest.
268 silly tarball no local data for ajv@https://registry.npmjs.org/ajv/-/ajv-6.15.0.tgz. Extracting by manifest.
269 silly tarball no local data for acorn@https://registry.npmjs.org/acorn/-/acorn-8.17.0.tgz. Extracting by manifest.
270 silly tarball no local data for @vitejs/plugin-react@https://registry.npmjs.org/@vitejs/plugin-react/-/plugin-react-6.0.2.tgz. Extracting by manifest.
271 silly tarball no local data for @typescript-eslint/visitor-keys@https://registry.npmjs.org/@typescript-eslint/visitor-keys/-/visitor-keys-8.61.0.tgz. Extracting by manifest.
272 silly tarball no local data for balanced-match@https://registry.npmjs.org/balanced-match/-/balanced-match-4.0.4.tgz. Extracting by manifest.
273 silly tarball no local data for @typescript-eslint/utils@https://registry.npmjs.org/@typescript-eslint/utils/-/utils-8.61.0.tgz. Extracting by manifest.
274 silly tarball no local data for @typescript-eslint/typescript-estree@https://registry.npmjs.org/@typescript-eslint/typescript-estree/-/typescript-estree-8.61.0.tgz. Extracting by manifest.
275 silly tarball no local data for @typescript-eslint/type-utils@https://registry.npmjs.org/@typescript-eslint/type-utils/-/type-utils-8.61.0.tgz. Extracting by manifest.
276 silly tarball no local data for @typescript-eslint/types@https://registry.npmjs.org/@typescript-eslint/types/-/types-8.61.0.tgz. Extracting by manifest.
277 silly tarball no local data for acorn-jsx@https://registry.npmjs.org/acorn-jsx/-/acorn-jsx-5.3.2.tgz. Extracting by manifest.
278 silly tarball no local data for @typescript-eslint/tsconfig-utils@https://registry.npmjs.org/@typescript-eslint/tsconfig-utils/-/tsconfig-utils-8.61.0.tgz. Extracting by manifest.
279 silly tarball no local data for @typescript-eslint/scope-manager@https://registry.npmjs.org/@typescript-eslint/scope-manager/-/scope-manager-8.61.0.tgz. Extracting by manifest.
280 silly tarball no local data for @typescript-eslint/parser@https://registry.npmjs.org/@typescript-eslint/parser/-/parser-8.61.0.tgz. Extracting by manifest.
281 silly tarball no local data for @types/react@https://registry.npmjs.org/@types/react/-/react-19.2.17.tgz. Extracting by manifest.
282 silly tarball no local data for @typescript-eslint/eslint-plugin@https://registry.npmjs.org/@typescript-eslint/eslint-plugin/-/eslint-plugin-8.61.0.tgz. Extracting by manifest.
283 silly tarball no local data for @types/node@https://registry.npmjs.org/@types/node/-/node-24.13.2.tgz. Extracting by manifest.
284 silly tarball no local data for @typescript-eslint/project-service@https://registry.npmjs.org/@typescript-eslint/project-service/-/project-service-8.61.0.tgz. Extracting by manifest.
285 silly tarball no local data for @types/json-schema@https://registry.npmjs.org/@types/json-schema/-/json-schema-7.0.15.tgz. Extracting by manifest.
286 silly tarball no local data for @rolldown/pluginutils@https://registry.npmjs.org/@rolldown/pluginutils/-/pluginutils-1.0.1.tgz. Extracting by manifest.
287 silly tarball no local data for @types/estree@https://registry.npmjs.org/@types/estree/-/estree-1.0.9.tgz. Extracting by manifest.
288 silly tarball no local data for @types/esrecurse@https://registry.npmjs.org/@types/esrecurse/-/esrecurse-4.3.1.tgz. Extracting by manifest.
289 silly tarball no local data for @oxc-project/types@https://registry.npmjs.org/@oxc-project/types/-/types-0.133.0.tgz. Extracting by manifest.
290 silly tarball no local data for @rolldown/binding-darwin-arm64@https://registry.npmjs.org/@rolldown/binding-darwin-arm64/-/binding-darwin-arm64-1.0.3.tgz. Extracting by manifest.
291 silly tarball no local data for @jridgewell/trace-mapping@https://registry.npmjs.org/@jridgewell/trace-mapping/-/trace-mapping-0.3.31.tgz. Extracting by manifest.
292 silly tarball no local data for @jridgewell/resolve-uri@https://registry.npmjs.org/@jridgewell/resolve-uri/-/resolve-uri-3.1.2.tgz. Extracting by manifest.
293 silly tarball no local data for @types/react-dom@https://registry.npmjs.org/@types/react-dom/-/react-dom-19.2.3.tgz. Extracting by manifest.
294 silly tarball no local data for @jridgewell/remapping@https://registry.npmjs.org/@jridgewell/remapping/-/remapping-2.3.5.tgz. Extracting by manifest.
295 silly tarball no local data for @jridgewell/sourcemap-codec@https://registry.npmjs.org/@jridgewell/sourcemap-codec/-/sourcemap-codec-1.5.5.tgz. Extracting by manifest.
296 silly tarball no local data for @jridgewell/gen-mapping@https://registry.npmjs.org/@jridgewell/gen-mapping/-/gen-mapping-0.3.13.tgz. Extracting by manifest.
297 silly tarball no local data for @humanwhocodes/module-importer@https://registry.npmjs.org/@humanwhocodes/module-importer/-/module-importer-1.0.1.tgz. Extracting by manifest.
298 silly tarball no local data for @types/canvas-confetti@https://registry.npmjs.org/@types/canvas-confetti/-/canvas-confetti-1.9.0.tgz. Extracting by manifest.
299 silly tarball no local data for @humanfs/core@https://registry.npmjs.org/@humanfs/core/-/core-0.19.2.tgz. Extracting by manifest.
300 silly tarball no local data for @humanwhocodes/retry@https://registry.npmjs.org/@humanwhocodes/retry/-/retry-0.4.3.tgz. Extracting by manifest.
301 silly tarball no local data for @humanfs/types@https://registry.npmjs.org/@humanfs/types/-/types-0.15.0.tgz. Extracting by manifest.
302 silly tarball no local data for @eslint/core@https://registry.npmjs.org/@eslint/core/-/core-1.2.1.tgz. Extracting by manifest.
303 silly tarball no local data for @eslint/object-schema@https://registry.npmjs.org/@eslint/object-schema/-/object-schema-3.0.5.tgz. Extracting by manifest.
304 silly tarball no local data for @humanfs/node@https://registry.npmjs.org/@humanfs/node/-/node-0.16.8.tgz. Extracting by manifest.
305 silly tarball no local data for @eslint/plugin-kit@https://registry.npmjs.org/@eslint/plugin-kit/-/plugin-kit-0.7.2.tgz. Extracting by manifest.
306 silly tarball no local data for @eslint/config-array@https://registry.npmjs.org/@eslint/config-array/-/config-array-0.23.5.tgz. Extracting by manifest.
307 silly tarball no local data for @babel/traverse@https://registry.npmjs.org/@babel/traverse/-/traverse-7.29.7.tgz. Extracting by manifest.
308 silly tarball no local data for @eslint/js@https://registry.npmjs.org/@eslint/js/-/js-10.0.1.tgz. Extracting by manifest.
309 silly tarball no local data for @babel/helpers@https://registry.npmjs.org/@babel/helpers/-/helpers-7.29.7.tgz. Extracting by manifest.
310 silly tarball no local data for @babel/template@https://registry.npmjs.org/@babel/template/-/template-7.29.7.tgz. Extracting by manifest.
311 silly tarball no local data for @eslint/config-helpers@https://registry.npmjs.org/@eslint/config-helpers/-/config-helpers-0.6.0.tgz. Extracting by manifest.
312 silly tarball no local data for @babel/helper-validator-identifier@https://registry.npmjs.org/@babel/helper-validator-identifier/-/helper-validator-identifier-7.29.7.tgz. Extracting by manifest.
313 silly tarball no local data for @babel/helper-module-imports@https://registry.npmjs.org/@babel/helper-module-imports/-/helper-module-imports-7.29.7.tgz. Extracting by manifest.
314 silly tarball no local data for @babel/parser@https://registry.npmjs.org/@babel/parser/-/parser-7.29.7.tgz. Extracting by manifest.
315 silly tarball no local data for @babel/helper-module-transforms@https://registry.npmjs.org/@babel/helper-module-transforms/-/helper-module-transforms-7.29.7.tgz. Extracting by manifest.
316 silly tarball no local data for @eslint-community/regexpp@https://registry.npmjs.org/@eslint-community/regexpp/-/regexpp-4.12.2.tgz. Extracting by manifest.
317 silly tarball no local data for @babel/helper-globals@https://registry.npmjs.org/@babel/helper-globals/-/helper-globals-7.29.7.tgz. Extracting by manifest.
318 silly tarball no local data for @babel/helper-validator-option@https://registry.npmjs.org/@babel/helper-validator-option/-/helper-validator-option-7.29.7.tgz. Extracting by manifest.
319 silly tarball no local data for @babel/helper-compilation-targets@https://registry.npmjs.org/@babel/helper-compilation-targets/-/helper-compilation-targets-7.29.7.tgz. Extracting by manifest.
320 silly tarball no local data for @babel/generator@https://registry.npmjs.org/@babel/generator/-/generator-7.29.7.tgz. Extracting by manifest.
321 silly tarball no local data for @babel/helper-string-parser@https://registry.npmjs.org/@babel/helper-string-parser/-/helper-string-parser-7.29.7.tgz. Extracting by manifest.
322 silly tarball no local data for @eslint-community/eslint-utils@https://registry.npmjs.org/@eslint-community/eslint-utils/-/eslint-utils-4.9.1.tgz. Extracting by manifest.
323 silly tarball no local data for @babel/code-frame@https://registry.npmjs.org/@babel/code-frame/-/code-frame-7.29.7.tgz. Extracting by manifest.
324 silly tarball no local data for semver@https://registry.npmjs.org/semver/-/semver-7.8.4.tgz. Extracting by manifest.
325 silly tarball no local data for @babel/types@https://registry.npmjs.org/@babel/types/-/types-7.29.7.tgz. Extracting by manifest.
326 silly tarball no local data for @babel/compat-data@https://registry.npmjs.org/@babel/compat-data/-/compat-data-7.29.7.tgz. Extracting by manifest.
327 silly tarball no local data for eslint-visitor-keys@https://registry.npmjs.org/eslint-visitor-keys/-/eslint-visitor-keys-3.4.3.tgz. Extracting by manifest.
328 silly tarball no local data for ignore@https://registry.npmjs.org/ignore/-/ignore-7.0.5.tgz. Extracting by manifest.
329 silly tarball no local data for @babel/core@https://registry.npmjs.org/@babel/core/-/core-7.29.7.tgz. Extracting by manifest.
330 http fetch GET 200 https://registry.npmjs.org/which/-/which-2.0.2.tgz 315ms (cache miss)
331 http fetch GET 200 https://registry.npmjs.org/yocto-queue/-/yocto-queue-0.1.0.tgz 316ms (cache miss)
332 http fetch GET 200 https://registry.npmjs.org/yallist/-/yallist-3.1.1.tgz 316ms (cache miss)
333 http fetch GET 200 https://registry.npmjs.org/zod-validation-error/-/zod-validation-error-4.0.2.tgz 326ms (cache miss)
334 http fetch GET 200 https://registry.npmjs.org/undici-types/-/undici-types-7.18.2.tgz 326ms (cache miss)
335 http fetch GET 200 https://registry.npmjs.org/typescript-eslint/-/typescript-eslint-8.61.0.tgz 349ms (cache miss)
336 http fetch GET 200 https://registry.npmjs.org/type-check/-/type-check-0.4.0.tgz 350ms (cache miss)
337 http fetch GET 200 https://registry.npmjs.org/word-wrap/-/word-wrap-1.2.5.tgz 360ms (cache miss)
338 http fetch GET 200 https://registry.npmjs.org/update-browserslist-db/-/update-browserslist-db-1.2.3.tgz 360ms (cache miss)
339 http fetch GET 200 https://registry.npmjs.org/tinyglobby/-/tinyglobby-0.2.17.tgz 426ms (cache miss)
340 http fetch GET 200 https://registry.npmjs.org/shebang-regex/-/shebang-regex-3.0.0.tgz 572ms (cache miss)
341 http fetch GET 200 https://registry.npmjs.org/npm 700ms
342 http fetch GET 200 https://registry.npmjs.org/source-map-js/-/source-map-js-1.2.1.tgz 619ms (cache miss)
343 http fetch GET 200 https://registry.npmjs.org/shebang-command/-/shebang-command-2.0.0.tgz 618ms (cache miss)
344 http fetch GET 200 https://registry.npmjs.org/semver/-/semver-6.3.1.tgz 625ms (cache miss)
345 http fetch GET 200 https://registry.npmjs.org/uri-js/-/uri-js-4.4.1.tgz 636ms (cache miss)
346 http fetch GET 200 https://registry.npmjs.org/scheduler/-/scheduler-0.27.0.tgz 653ms (cache miss)
347 http fetch GET 200 https://registry.npmjs.org/punycode/-/punycode-2.3.1.tgz 676ms (cache miss)
348 http fetch POST 200 https://registry.npmjs.org/-/npm/v1/security/advisories/bulk 721ms
349 silly audit report {}
350 http fetch GET 200 https://registry.npmjs.org/ts-api-utils/-/ts-api-utils-2.5.0.tgz 697ms (cache miss)
351 http fetch GET 200 https://registry.npmjs.org/react/-/react-19.2.7.tgz 704ms (cache miss)
352 http fetch GET 200 https://registry.npmjs.org/picomatch/-/picomatch-4.0.4.tgz 709ms (cache miss)
353 http fetch GET 200 https://registry.npmjs.org/picocolors/-/picocolors-1.1.1.tgz 722ms (cache miss)
354 http fetch GET 200 https://registry.npmjs.org/path-exists/-/path-exists-4.0.0.tgz 722ms (cache miss)
355 http fetch GET 200 https://registry.npmjs.org/p-locate/-/p-locate-5.0.0.tgz 723ms (cache miss)
356 http fetch GET 200 https://registry.npmjs.org/path-key/-/path-key-3.1.1.tgz 723ms (cache miss)
357 http fetch GET 200 https://registry.npmjs.org/postcss/-/postcss-8.5.15.tgz 741ms (cache miss)
358 http fetch GET 200 https://registry.npmjs.org/p-limit/-/p-limit-3.1.0.tgz 742ms (cache miss)
359 http fetch GET 200 https://registry.npmjs.org/node-releases/-/node-releases-2.0.47.tgz 750ms (cache miss)
360 http fetch GET 200 https://registry.npmjs.org/optionator/-/optionator-0.9.4.tgz 754ms (cache miss)
361 http fetch GET 200 https://registry.npmjs.org/ms/-/ms-2.1.3.tgz 761ms (cache miss)
362 http fetch GET 200 https://registry.npmjs.org/rolldown/-/rolldown-1.0.3.tgz 781ms (cache miss)
363 http fetch GET 200 https://registry.npmjs.org/natural-compare/-/natural-compare-1.4.0.tgz 788ms (cache miss)
364 http fetch GET 200 https://registry.npmjs.org/lru-cache/-/lru-cache-5.1.1.tgz 788ms (cache miss)
365 http fetch GET 200 https://registry.npmjs.org/prelude-ls/-/prelude-ls-1.2.1.tgz 792ms (cache miss)
366 http fetch GET 200 https://registry.npmjs.org/locate-path/-/locate-path-6.0.0.tgz 816ms (cache miss)
367 http fetch GET 200 https://registry.npmjs.org/levn/-/levn-0.4.1.tgz 883ms (cache miss)
368 http fetch GET 200 https://registry.npmjs.org/nanoid/-/nanoid-3.3.12.tgz 887ms (cache miss)
369 http fetch GET 200 https://registry.npmjs.org/keyv/-/keyv-4.5.4.tgz 890ms (cache miss)
370 http fetch GET 200 https://registry.npmjs.org/vite/-/vite-8.0.16.tgz 906ms (cache miss)
371 http fetch GET 200 https://registry.npmjs.org/json-stable-stringify-without-jsonify/-/json-stable-stringify-without-jsonify-1.0.1.tgz 939ms (cache miss)
372 http fetch GET 200 https://registry.npmjs.org/json-buffer/-/json-buffer-3.0.1.tgz 939ms (cache miss)
373 http fetch GET 200 https://registry.npmjs.org/json-schema-traverse/-/json-schema-traverse-0.4.1.tgz 940ms (cache miss)
374 http fetch GET 200 https://registry.npmjs.org/lightningcss/-/lightningcss-1.32.0.tgz 945ms (cache miss)
375 http fetch GET 200 https://registry.npmjs.org/json5/-/json5-2.2.3.tgz 946ms (cache miss)
376 http fetch GET 200 https://registry.npmjs.org/jsesc/-/jsesc-3.1.0.tgz 947ms (cache miss)
377 http fetch GET 200 https://registry.npmjs.org/minimatch/-/minimatch-10.2.5.tgz 949ms (cache miss)
378 http fetch GET 200 https://registry.npmjs.org/zod/-/zod-4.4.3.tgz 990ms (cache miss)
379 http fetch GET 200 https://registry.npmjs.org/js-tokens/-/js-tokens-4.0.0.tgz 1042ms (cache miss)
380 http fetch GET 200 https://registry.npmjs.org/isexe/-/isexe-2.0.0.tgz 1066ms (cache miss)
381 http fetch GET 200 https://registry.npmjs.org/is-extglob/-/is-extglob-2.1.1.tgz 1078ms (cache miss)
382 http fetch GET 200 https://registry.npmjs.org/is-glob/-/is-glob-4.0.3.tgz 1137ms (cache miss)
383 http fetch GET 200 https://registry.npmjs.org/imurmurhash/-/imurmurhash-0.1.4.tgz 1220ms (cache miss)
384 http fetch GET 200 https://registry.npmjs.org/glob-parent/-/glob-parent-6.0.2.tgz 1220ms (cache miss)
385 http fetch GET 200 https://registry.npmjs.org/ignore/-/ignore-5.3.2.tgz 1221ms (cache miss)
386 http fetch GET 200 https://registry.npmjs.org/fsevents/-/fsevents-2.3.3.tgz 1221ms (cache miss)
387 http fetch GET 200 https://registry.npmjs.org/hermes-estree/-/hermes-estree-0.25.1.tgz 1226ms (cache miss)
388 http fetch GET 200 https://registry.npmjs.org/flatted/-/flatted-3.4.2.tgz 1226ms (cache miss)
389 http fetch GET 200 https://registry.npmjs.org/flat-cache/-/flat-cache-4.0.1.tgz 1231ms (cache miss)
390 http fetch GET 200 https://registry.npmjs.org/find-up/-/find-up-5.0.0.tgz 1231ms (cache miss)
391 http fetch GET 200 https://registry.npmjs.org/gensync/-/gensync-1.0.0-beta.2.tgz 1232ms (cache miss)
392 http fetch GET 200 https://registry.npmjs.org/file-entry-cache/-/file-entry-cache-8.0.0.tgz 1236ms (cache miss)
393 http fetch GET 200 https://registry.npmjs.org/fdir/-/fdir-6.5.0.tgz 1284ms (cache miss)
394 http fetch GET 200 https://registry.npmjs.org/fast-json-stable-stringify/-/fast-json-stable-stringify-2.1.0.tgz 1285ms (cache miss)
395 http fetch GET 200 https://registry.npmjs.org/fast-levenshtein/-/fast-levenshtein-2.0.6.tgz 1299ms (cache miss)
396 http fetch GET 200 https://registry.npmjs.org/estraverse/-/estraverse-5.3.0.tgz 1302ms (cache miss)
397 http fetch GET 200 https://registry.npmjs.org/esutils/-/esutils-2.0.3.tgz 1309ms (cache miss)
398 http fetch GET 200 https://registry.npmjs.org/fast-deep-equal/-/fast-deep-equal-3.1.3.tgz 1310ms (cache miss)
399 http fetch GET 200 https://registry.npmjs.org/esrecurse/-/esrecurse-4.3.0.tgz 1313ms (cache miss)
400 http fetch GET 200 https://registry.npmjs.org/eslint-visitor-keys/-/eslint-visitor-keys-5.0.1.tgz 1377ms (cache miss)
401 http fetch GET 200 https://registry.npmjs.org/espree/-/espree-11.2.0.tgz 1381ms (cache miss)
402 http fetch GET 200 https://registry.npmjs.org/eslint-plugin-react-refresh/-/eslint-plugin-react-refresh-0.5.2.tgz 1381ms (cache miss)
403 http fetch GET 200 https://registry.npmjs.org/hermes-parser/-/hermes-parser-0.25.1.tgz 1392ms (cache miss)
404 http fetch GET 200 https://registry.npmjs.org/eslint-scope/-/eslint-scope-9.1.2.tgz 1395ms (cache miss)
405 http fetch GET 200 https://registry.npmjs.org/escalade/-/escalade-3.2.0.tgz 1448ms (cache miss)
406 http fetch GET 200 https://registry.npmjs.org/escape-string-regexp/-/escape-string-regexp-4.0.0.tgz 1454ms (cache miss)
407 http fetch GET 200 https://registry.npmjs.org/globals/-/globals-17.6.0.tgz 1458ms (cache miss)
408 http fetch GET 200 https://registry.npmjs.org/deep-is/-/deep-is-0.1.4.tgz 1503ms (cache miss)
409 http fetch GET 200 https://registry.npmjs.org/convert-source-map/-/convert-source-map-2.0.0.tgz 1504ms (cache miss)
410 http fetch GET 200 https://registry.npmjs.org/electron-to-chromium/-/electron-to-chromium-1.5.372.tgz 1504ms (cache miss)
411 http fetch GET 200 https://registry.npmjs.org/cross-spawn/-/cross-spawn-7.0.6.tgz 1505ms (cache miss)
412 http fetch GET 200 https://registry.npmjs.org/detect-libc/-/detect-libc-2.1.2.tgz 1506ms (cache miss)
413 http fetch GET 200 https://registry.npmjs.org/esquery/-/esquery-1.7.0.tgz 1510ms (cache miss)
414 http fetch GET 200 https://registry.npmjs.org/react-dom/-/react-dom-19.2.7.tgz 1556ms (cache miss)
415 http fetch GET 200 https://registry.npmjs.org/canvas-confetti/-/canvas-confetti-1.9.4.tgz 1565ms (cache miss)
416 http fetch GET 200 https://registry.npmjs.org/brace-expansion/-/brace-expansion-5.0.6.tgz 1644ms (cache miss)
417 http fetch GET 200 https://registry.npmjs.org/debug/-/debug-4.4.3.tgz 1645ms (cache miss)
418 http fetch GET 200 https://registry.npmjs.org/browserslist/-/browserslist-4.28.2.tgz 1647ms (cache miss)
419 http fetch GET 200 https://registry.npmjs.org/csstype/-/csstype-3.2.3.tgz 1647ms (cache miss)
420 http fetch GET 200 https://registry.npmjs.org/baseline-browser-mapping/-/baseline-browser-mapping-2.10.37.tgz 1673ms (cache miss)
421 http fetch GET 200 https://registry.npmjs.org/eslint/-/eslint-10.5.0.tgz 1683ms (cache miss)
422 http fetch GET 200 https://registry.npmjs.org/acorn/-/acorn-8.17.0.tgz 1698ms (cache miss)
423 http fetch GET 200 https://registry.npmjs.org/balanced-match/-/balanced-match-4.0.4.tgz 1704ms (cache miss)
424 http fetch GET 200 https://registry.npmjs.org/typescript/-/typescript-6.0.3.tgz 1730ms (cache miss)
425 http fetch GET 200 https://registry.npmjs.org/eslint-plugin-react-hooks/-/eslint-plugin-react-hooks-7.1.1.tgz 1739ms (cache miss)
426 http fetch GET 200 https://registry.npmjs.org/@typescript-eslint/type-utils/-/type-utils-8.61.0.tgz 1742ms (cache miss)
427 http fetch GET 200 https://registry.npmjs.org/acorn-jsx/-/acorn-jsx-5.3.2.tgz 1754ms (cache miss)
428 http fetch GET 200 https://registry.npmjs.org/ajv/-/ajv-6.15.0.tgz 1756ms (cache miss)
429 http fetch GET 200 https://registry.npmjs.org/@typescript-eslint/types/-/types-8.61.0.tgz 1758ms (cache miss)
430 http fetch GET 200 https://registry.npmjs.org/@typescript-eslint/utils/-/utils-8.61.0.tgz 1767ms (cache miss)
431 http fetch GET 200 https://registry.npmjs.org/@typescript-eslint/parser/-/parser-8.61.0.tgz 1816ms (cache miss)
432 http fetch GET 200 https://registry.npmjs.org/@typescript-eslint/tsconfig-utils/-/tsconfig-utils-8.61.0.tgz 1816ms (cache miss)
433 http fetch GET 200 https://registry.npmjs.org/@types/json-schema/-/json-schema-7.0.15.tgz 1839ms (cache miss)
434 http fetch GET 200 https://registry.npmjs.org/@typescript-eslint/project-service/-/project-service-8.61.0.tgz 1840ms (cache miss)
435 http fetch GET 200 https://registry.npmjs.org/@types/react/-/react-19.2.17.tgz 1843ms (cache miss)
436 http fetch GET 200 https://registry.npmjs.org/@vitejs/plugin-react/-/plugin-react-6.0.2.tgz 1873ms (cache miss)
437 http fetch GET 200 https://registry.npmjs.org/@types/estree/-/estree-1.0.9.tgz 1871ms (cache miss)
438 http fetch GET 200 https://registry.npmjs.org/@rolldown/pluginutils/-/pluginutils-1.0.1.tgz 1872ms (cache miss)
439 http fetch GET 200 https://registry.npmjs.org/@typescript-eslint/visitor-keys/-/visitor-keys-8.61.0.tgz 1909ms (cache miss)
440 http fetch GET 200 https://registry.npmjs.org/@types/node/-/node-24.13.2.tgz 1910ms (cache miss)
441 http fetch GET 200 https://registry.npmjs.org/@jridgewell/resolve-uri/-/resolve-uri-3.1.2.tgz 1917ms (cache miss)
442 http fetch GET 200 https://registry.npmjs.org/@jridgewell/trace-mapping/-/trace-mapping-0.3.31.tgz 1939ms (cache miss)
443 http fetch GET 200 https://registry.npmjs.org/@humanwhocodes/module-importer/-/module-importer-1.0.1.tgz 2001ms (cache miss)
444 http fetch GET 200 https://registry.npmjs.org/@typescript-eslint/typescript-estree/-/typescript-estree-8.61.0.tgz 2009ms (cache miss)
445 http fetch GET 200 https://registry.npmjs.org/@jridgewell/sourcemap-codec/-/sourcemap-codec-1.5.5.tgz 2015ms (cache miss)
446 http fetch GET 200 https://registry.npmjs.org/@humanfs/core/-/core-0.19.2.tgz 2016ms (cache miss)
447 http fetch GET 200 https://registry.npmjs.org/@types/canvas-confetti/-/canvas-confetti-1.9.0.tgz 2017ms (cache miss)
448 http fetch GET 200 https://registry.npmjs.org/@jridgewell/gen-mapping/-/gen-mapping-0.3.13.tgz 2019ms (cache miss)
449 http fetch GET 200 https://registry.npmjs.org/@humanwhocodes/retry/-/retry-0.4.3.tgz 2019ms (cache miss)
450 http fetch GET 200 https://registry.npmjs.org/@jridgewell/remapping/-/remapping-2.3.5.tgz 2026ms (cache miss)
451 http fetch GET 200 https://registry.npmjs.org/lightningcss-darwin-arm64/-/lightningcss-darwin-arm64-1.32.0.tgz 2051ms (cache miss)
452 http fetch GET 200 https://registry.npmjs.org/@humanfs/types/-/types-0.15.0.tgz 2040ms (cache miss)
453 http fetch GET 200 https://registry.npmjs.org/@eslint/object-schema/-/object-schema-3.0.5.tgz 2061ms (cache miss)
454 http fetch GET 200 https://registry.npmjs.org/@humanfs/node/-/node-0.16.8.tgz 2073ms (cache miss)
455 http fetch GET 200 https://registry.npmjs.org/caniuse-lite/-/caniuse-lite-1.0.30001799.tgz 2095ms (cache miss)
456 http fetch GET 200 https://registry.npmjs.org/@eslint/plugin-kit/-/plugin-kit-0.7.2.tgz 2102ms (cache miss)
457 http fetch GET 200 https://registry.npmjs.org/@babel/template/-/template-7.29.7.tgz 2114ms (cache miss)
458 http fetch GET 200 https://registry.npmjs.org/@types/react-dom/-/react-dom-19.2.3.tgz 2141ms (cache miss)
459 http fetch GET 200 https://registry.npmjs.org/@types/esrecurse/-/esrecurse-4.3.1.tgz 2142ms (cache miss)
460 http fetch GET 200 https://registry.npmjs.org/@babel/helper-validator-identifier/-/helper-validator-identifier-7.29.7.tgz 2146ms (cache miss)
461 http fetch GET 200 https://registry.npmjs.org/@eslint/js/-/js-10.0.1.tgz 2147ms (cache miss)
462 http fetch GET 200 https://registry.npmjs.org/@eslint/config-helpers/-/config-helpers-0.6.0.tgz 2154ms (cache miss)
463 http fetch GET 200 https://registry.npmjs.org/@babel/helper-module-imports/-/helper-module-imports-7.29.7.tgz 2155ms (cache miss)
464 http fetch GET 200 https://registry.npmjs.org/@eslint/config-array/-/config-array-0.23.5.tgz 2168ms (cache miss)
465 http fetch GET 200 https://registry.npmjs.org/@babel/helper-globals/-/helper-globals-7.29.7.tgz 2233ms (cache miss)
466 http fetch GET 200 https://registry.npmjs.org/@babel/code-frame/-/code-frame-7.29.7.tgz 2233ms (cache miss)
467 http fetch GET 200 https://registry.npmjs.org/@babel/helper-validator-option/-/helper-validator-option-7.29.7.tgz 2236ms (cache miss)
468 http fetch GET 200 https://registry.npmjs.org/@babel/helper-string-parser/-/helper-string-parser-7.29.7.tgz 2236ms (cache miss)
469 http fetch GET 200 https://registry.npmjs.org/@eslint-community/regexpp/-/regexpp-4.12.2.tgz 2244ms (cache miss)
470 http fetch GET 200 https://registry.npmjs.org/@babel/helper-compilation-targets/-/helper-compilation-targets-7.29.7.tgz 2246ms (cache miss)
471 http fetch GET 200 https://registry.npmjs.org/@babel/helper-module-transforms/-/helper-module-transforms-7.29.7.tgz 2249ms (cache miss)
472 http fetch GET 200 https://registry.npmjs.org/@typescript-eslint/eslint-plugin/-/eslint-plugin-8.61.0.tgz 2258ms (cache miss)
473 http fetch GET 200 https://registry.npmjs.org/@babel/parser/-/parser-7.29.7.tgz 2255ms (cache miss)
474 http fetch GET 200 https://registry.npmjs.org/@babel/traverse/-/traverse-7.29.7.tgz 2263ms (cache miss)
475 http fetch GET 200 https://registry.npmjs.org/semver/-/semver-7.8.4.tgz 2264ms (cache miss)
476 http fetch GET 200 https://registry.npmjs.org/@eslint/core/-/core-1.2.1.tgz 2281ms (cache miss)
477 http fetch GET 200 https://registry.npmjs.org/@babel/generator/-/generator-7.29.7.tgz 2279ms (cache miss)
478 http fetch GET 200 https://registry.npmjs.org/@babel/compat-data/-/compat-data-7.29.7.tgz 2288ms (cache miss)
479 http fetch GET 200 https://registry.npmjs.org/eslint-visitor-keys/-/eslint-visitor-keys-3.4.3.tgz 2288ms (cache miss)
480 http fetch GET 200 https://registry.npmjs.org/ignore/-/ignore-7.0.5.tgz 2288ms (cache miss)
481 http fetch GET 200 https://registry.npmjs.org/@typescript-eslint/scope-manager/-/scope-manager-8.61.0.tgz 2322ms (cache miss)
482 http fetch GET 200 https://registry.npmjs.org/@oxc-project/types/-/types-0.133.0.tgz 2331ms (cache miss)
483 http fetch GET 200 https://registry.npmjs.org/@eslint-community/eslint-utils/-/eslint-utils-4.9.1.tgz 2480ms (cache miss)
484 http fetch GET 200 https://registry.npmjs.org/@babel/core/-/core-7.29.7.tgz 2492ms (cache miss)
485 http fetch GET 200 https://registry.npmjs.org/@babel/helpers/-/helpers-7.29.7.tgz 2499ms (cache miss)
486 http fetch GET 200 https://registry.npmjs.org/@babel/types/-/types-7.29.7.tgz 2518ms (cache miss)
487 http fetch GET 200 https://registry.npmjs.org/lucide-react/-/lucide-react-1.18.0.tgz 2872ms (cache miss)
488 http fetch GET 200 https://registry.npmjs.org/@rolldown/binding-darwin-arm64/-/binding-darwin-arm64-1.0.3.tgz 3508ms (cache miss)
489 silly ADD node_modules/zod-validation-error
490 silly ADD node_modules/zod
491 silly ADD node_modules/yocto-queue
492 silly ADD node_modules/yallist
493 silly ADD node_modules/word-wrap
494 silly ADD node_modules/which
495 silly ADD node_modules/vite
496 silly ADD node_modules/uri-js
497 silly ADD node_modules/update-browserslist-db
498 silly ADD node_modules/undici-types
499 silly ADD node_modules/typescript-eslint
500 silly ADD node_modules/typescript
501 silly ADD node_modules/type-check
502 silly ADD node_modules/ts-api-utils
503 silly ADD node_modules/tinyglobby
504 silly ADD node_modules/source-map-js
505 silly ADD node_modules/shebang-regex
506 silly ADD node_modules/shebang-command
507 silly ADD node_modules/semver
508 silly ADD node_modules/scheduler
509 silly ADD node_modules/rolldown
510 silly ADD node_modules/react-dom
511 silly ADD node_modules/react
512 silly ADD node_modules/punycode
513 silly ADD node_modules/prelude-ls
514 silly ADD node_modules/postcss
515 silly ADD node_modules/picomatch
516 silly ADD node_modules/picocolors
517 silly ADD node_modules/path-key
518 silly ADD node_modules/path-exists
519 silly ADD node_modules/p-locate
520 silly ADD node_modules/p-limit
521 silly ADD node_modules/optionator
522 silly ADD node_modules/node-releases
523 silly ADD node_modules/natural-compare
524 silly ADD node_modules/nanoid
525 silly ADD node_modules/ms
526 silly ADD node_modules/minimatch
527 silly ADD node_modules/lucide-react
528 silly ADD node_modules/lru-cache
529 silly ADD node_modules/locate-path
530 silly ADD node_modules/lightningcss-darwin-arm64
531 silly ADD node_modules/lightningcss
532 silly ADD node_modules/levn
533 silly ADD node_modules/keyv
534 silly ADD node_modules/json5
535 silly ADD node_modules/json-stable-stringify-without-jsonify
536 silly ADD node_modules/json-schema-traverse
537 silly ADD node_modules/json-buffer
538 silly ADD node_modules/jsesc
539 silly ADD node_modules/js-tokens
540 silly ADD node_modules/isexe
541 silly ADD node_modules/is-glob
542 silly ADD node_modules/is-extglob
543 silly ADD node_modules/imurmurhash
544 silly ADD node_modules/ignore
545 silly ADD node_modules/hermes-parser
546 silly ADD node_modules/hermes-estree
547 silly ADD node_modules/globals
548 silly ADD node_modules/glob-parent
549 silly ADD node_modules/gensync
550 silly ADD node_modules/fsevents
551 silly ADD node_modules/flatted
552 silly ADD node_modules/flat-cache
553 silly ADD node_modules/find-up
554 silly ADD node_modules/file-entry-cache
555 silly ADD node_modules/fdir
556 silly ADD node_modules/fast-levenshtein
557 silly ADD node_modules/fast-json-stable-stringify
558 silly ADD node_modules/fast-deep-equal
559 silly ADD node_modules/esutils
560 silly ADD node_modules/estraverse
561 silly ADD node_modules/esrecurse
562 silly ADD node_modules/esquery
563 silly ADD node_modules/espree
564 silly ADD node_modules/eslint-visitor-keys
565 silly ADD node_modules/eslint-scope
566 silly ADD node_modules/eslint-plugin-react-refresh
567 silly ADD node_modules/eslint-plugin-react-hooks
568 silly ADD node_modules/eslint
569 silly ADD node_modules/escape-string-regexp
570 silly ADD node_modules/escalade
571 silly ADD node_modules/electron-to-chromium
572 silly ADD node_modules/detect-libc
573 silly ADD node_modules/deep-is
574 silly ADD node_modules/debug
575 silly ADD node_modules/csstype
576 silly ADD node_modules/cross-spawn
577 silly ADD node_modules/convert-source-map
578 silly ADD node_modules/canvas-confetti
579 silly ADD node_modules/caniuse-lite
580 silly ADD node_modules/browserslist
581 silly ADD node_modules/brace-expansion
582 silly ADD node_modules/baseline-browser-mapping
583 silly ADD node_modules/balanced-match
584 silly ADD node_modules/ajv
585 silly ADD node_modules/acorn-jsx
586 silly ADD node_modules/acorn
587 silly ADD node_modules/@vitejs/plugin-react
588 silly ADD node_modules/@typescript-eslint/visitor-keys
589 silly ADD node_modules/@typescript-eslint/utils
590 silly ADD node_modules/@typescript-eslint/typescript-estree
591 silly ADD node_modules/@typescript-eslint/typescript-estree/node_modules/semver
592 silly ADD node_modules/@typescript-eslint/types
593 silly ADD node_modules/@typescript-eslint/type-utils
594 silly ADD node_modules/@typescript-eslint/tsconfig-utils
595 silly ADD node_modules/@typescript-eslint/scope-manager
596 silly ADD node_modules/@typescript-eslint/project-service
597 silly ADD node_modules/@typescript-eslint/parser
598 silly ADD node_modules/@typescript-eslint/eslint-plugin
599 silly ADD node_modules/@typescript-eslint/eslint-plugin/node_modules/ignore
600 silly ADD node_modules/@types/react-dom
601 silly ADD node_modules/@types/react
602 silly ADD node_modules/@types/node
603 silly ADD node_modules/@types/json-schema
604 silly ADD node_modules/@types/estree
605 silly ADD node_modules/@types/esrecurse
606 silly ADD node_modules/@types/canvas-confetti
607 silly ADD node_modules/@rolldown/pluginutils
608 silly ADD node_modules/@rolldown/binding-darwin-arm64
609 silly ADD node_modules/@oxc-project/types
610 silly ADD node_modules/@jridgewell/trace-mapping
611 silly ADD node_modules/@jridgewell/sourcemap-codec
612 silly ADD node_modules/@jridgewell/resolve-uri
613 silly ADD node_modules/@jridgewell/remapping
614 silly ADD node_modules/@jridgewell/gen-mapping
615 silly ADD node_modules/@humanwhocodes/retry
616 silly ADD node_modules/@humanwhocodes/module-importer
617 silly ADD node_modules/@humanfs/types
618 silly ADD node_modules/@humanfs/node
619 silly ADD node_modules/@humanfs/core
620 silly ADD node_modules/@eslint/plugin-kit
621 silly ADD node_modules/@eslint/object-schema
622 silly ADD node_modules/@eslint/js
623 silly ADD node_modules/@eslint/core
624 silly ADD node_modules/@eslint/config-helpers
625 silly ADD node_modules/@eslint/config-array
626 silly ADD node_modules/@eslint-community/regexpp
627 silly ADD node_modules/@babel/traverse
628 silly ADD node_modules/@babel/template
629 silly ADD node_modules/@babel/parser
630 silly ADD node_modules/@babel/helpers
631 silly ADD node_modules/@babel/helper-validator-option
632 silly ADD node_modules/@babel/helper-validator-identifier
633 silly ADD node_modules/@babel/helper-string-parser
634 silly ADD node_modules/@babel/helper-module-transforms
635 silly ADD node_modules/@babel/helper-module-imports
636 silly ADD node_modules/@babel/helper-globals
637 silly ADD node_modules/@babel/helper-compilation-targets
638 silly ADD node_modules/@babel/generator
639 silly ADD node_modules/@babel/core
640 silly ADD node_modules/@babel/compat-data
641 silly ADD node_modules/@babel/code-frame
642 silly CHANGE node_modules/@eslint-community/eslint-utils
643 silly CHANGE node_modules/@eslint-community/eslint-utils/node_modules/eslint-visitor-keys
644 silly CHANGE node_modules/@babel/types
645 warn allow-scripts 1 package has install scripts not yet covered by allowScripts:
645 warn allow-scripts   fsevents@2.3.3 (install: (install scripts present))
645 warn allow-scripts
645 warn allow-scripts Run `npm approve-scripts --allow-scripts-pending` to review, or `npm approve-scripts <pkg>` to allow.
646 verbose cwd /Users/parva/Downloads/gh-parva-shastri/Personal/mono.arcade/fearless-hawking
647 verbose os Darwin 25.5.0
648 verbose node v26.3.0
649 verbose npm  v11.16.0
650 notice
650 notice New minor version of npm available! 11.16.0 -> 11.17.0
650 notice Changelog: https://github.com/npm/cli/releases/tag/v11.17.0
650 notice To update run: npm install -g npm@11.17.0
650 notice  { force: true, Symbol(proc-log.meta): true }
651 verbose exit 0
652 info ok
