0 verbose cli /opt/homebrew/Cellar/node/26.3.0/bin/node /opt/homebrew/bin/npm
1 info using npm@11.16.0
2 info using node@v26.3.0
3 silly config load:file:/opt/homebrew/lib/node_modules/npm/npmrc
4 silly config load:file:/Users/parva/Downloads/gh-parva-shastri/Personal/mono.arcade/fearless-hawking/.npmrc
5 silly config load:file:/Users/parva/.npmrc
6 silly config load:file:/opt/homebrew/etc/npmrc
7 verbose title npm install
8 verbose argv "install" "--cache" "./local-npm-cache"
9 verbose logfile logs-max:10 dir:/Users/parva/Downloads/gh-parva-shastri/Personal/mono.arcade/fearless-hawking/local-npm-cache/_logs/2026-06-13T15_33_34_804Z-
10 verbose logfile /Users/parva/Downloads/gh-parva-shastri/Personal/mono.arcade/fearless-hawking/local-npm-cache/_logs/2026-06-13T15_33_34_804Z-debug-0.log
11 silly logfile done cleaning log files
12 silly packumentCache heap:2248146944 maxSize:562036736 maxEntrySize:281018368
13 silly idealTree buildDeps
14 silly reify moves {}
15 silly audit bulk request {
15 silly audit   '@babel/code-frame': [ '7.29.7' ],
15 silly audit   '@babel/compat-data': [ '7.29.7' ],
15 silly audit   '@babel/core': [ '7.29.7' ],
15 silly audit   '@babel/generator': [ '7.29.7' ],
15 silly audit   '@babel/helper-compilation-targets': [ '7.29.7' ],
15 silly audit   '@babel/helper-globals': [ '7.29.7' ],
15 silly audit   '@babel/helper-module-imports': [ '7.29.7' ],
15 silly audit   '@babel/helper-module-transforms': [ '7.29.7' ],
15 silly audit   '@babel/helper-string-parser': [ '7.29.7' ],
15 silly audit   '@babel/helper-validator-identifier': [ '7.29.7' ],
15 silly audit   '@babel/helper-validator-option': [ '7.29.7' ],
15 silly audit   '@babel/helpers': [ '7.29.7' ],
15 silly audit   '@babel/parser': [ '7.29.7' ],
15 silly audit   '@babel/template': [ '7.29.7' ],
15 silly audit   '@babel/traverse': [ '7.29.7' ],
15 silly audit   '@babel/types': [ '7.29.7' ],
15 silly audit   '@emnapi/core': [ '1.10.0' ],
15 silly audit   '@emnapi/runtime': [ '1.10.0' ],
15 silly audit   '@emnapi/wasi-threads': [ '1.2.1' ],
15 silly audit   '@eslint-community/eslint-utils': [ '4.9.1' ],
15 silly audit   'eslint-visitor-keys': [ '3.4.3', '5.0.1' ],
15 silly audit   '@eslint-community/regexpp': [ '4.12.2' ],
15 silly audit   '@eslint/config-array': [ '0.23.5' ],
15 silly audit   '@eslint/config-helpers': [ '0.6.0' ],
15 silly audit   '@eslint/core': [ '1.2.1' ],
15 silly audit   '@eslint/js': [ '10.0.1' ],
15 silly audit   '@eslint/object-schema': [ '3.0.5' ],
15 silly audit   '@eslint/plugin-kit': [ '0.7.2' ],
15 silly audit   '@humanfs/core': [ '0.19.2' ],
15 silly audit   '@humanfs/node': [ '0.16.8' ],
15 silly audit   '@humanfs/types': [ '0.15.0' ],
15 silly audit   '@humanwhocodes/module-importer': [ '1.0.1' ],
15 silly audit   '@humanwhocodes/retry': [ '0.4.3' ],
15 silly audit   '@jridgewell/gen-mapping': [ '0.3.13' ],
15 silly audit   '@jridgewell/remapping': [ '2.3.5' ],
15 silly audit   '@jridgewell/resolve-uri': [ '3.1.2' ],
15 silly audit   '@jridgewell/sourcemap-codec': [ '1.5.5' ],
15 silly audit   '@jridgewell/trace-mapping': [ '0.3.31' ],
15 silly audit   '@napi-rs/wasm-runtime': [ '1.1.5' ],
15 silly audit   '@oxc-project/types': [ '0.133.0' ],
15 silly audit   '@puppeteer/browsers': [ '3.0.4' ],
15 silly audit   '@rolldown/binding-android-arm64': [ '1.0.3' ],
15 silly audit   '@rolldown/binding-darwin-arm64': [ '1.0.3' ],
15 silly audit   '@rolldown/binding-darwin-x64': [ '1.0.3' ],
15 silly audit   '@rolldown/binding-freebsd-x64': [ '1.0.3' ],
15 silly audit   '@rolldown/binding-linux-arm-gnueabihf': [ '1.0.3' ],
15 silly audit   '@rolldown/binding-linux-arm64-gnu': [ '1.0.3' ],
15 silly audit   '@rolldown/binding-linux-arm64-musl': [ '1.0.3' ],
15 silly audit   '@rolldown/binding-linux-ppc64-gnu': [ '1.0.3' ],
15 silly audit   '@rolldown/binding-linux-s390x-gnu': [ '1.0.3' ],
15 silly audit   '@rolldown/binding-linux-x64-gnu': [ '1.0.3' ],
15 silly audit   '@rolldown/binding-linux-x64-musl': [ '1.0.3' ],
15 silly audit   '@rolldown/binding-openharmony-arm64': [ '1.0.3' ],
15 silly audit   '@rolldown/binding-wasm32-wasi': [ '1.0.3' ],
15 silly audit   '@rolldown/binding-win32-arm64-msvc': [ '1.0.3' ],
15 silly audit   '@rolldown/binding-win32-x64-msvc': [ '1.0.3' ],
15 silly audit   '@rolldown/pluginutils': [ '1.0.1' ],
15 silly audit   '@tybys/wasm-util': [ '0.10.2' ],
15 silly audit   '@types/canvas-confetti': [ '1.9.0' ],
15 silly audit   '@types/esrecurse': [ '4.3.1' ],
15 silly audit   '@types/estree': [ '1.0.9' ],
15 silly audit   '@types/json-schema': [ '7.0.15' ],
15 silly audit   '@types/node': [ '24.13.2' ],
15 silly audit   '@types/react': [ '19.2.17' ],
15 silly audit   '@types/react-dom': [ '19.2.3' ],
15 silly audit   '@typescript-eslint/eslint-plugin': [ '8.61.0' ],
15 silly audit   ignore: [ '7.0.5', '5.3.2' ],
15 silly audit   '@typescript-eslint/parser': [ '8.61.0' ],
15 silly audit   '@typescript-eslint/project-service': [ '8.61.0' ],
15 silly audit   '@typescript-eslint/scope-manager': [ '8.61.0' ],
15 silly audit   '@typescript-eslint/tsconfig-utils': [ '8.61.0' ],
15 silly audit   '@typescript-eslint/type-utils': [ '8.61.0' ],
15 silly audit   '@typescript-eslint/types': [ '8.61.0' ],
15 silly audit   '@typescript-eslint/typescript-estree': [ '8.61.0' ],
15 silly audit   semver: [ '7.8.4', '6.3.1' ],
15 silly audit   '@typescript-eslint/utils': [ '8.61.0' ],
15 silly audit   '@typescript-eslint/visitor-keys': [ '8.61.0' ],
15 silly audit   '@vitejs/plugin-react': [ '6.0.2' ],
15 silly audit   acorn: [ '8.17.0' ],
15 silly audit   'acorn-jsx': [ '5.3.2' ],
15 silly audit   ajv: [ '6.15.0' ],
15 silly audit   'ansi-regex': [ '5.0.1' ],
15 silly audit   'ansi-styles': [ '4.3.0' ],
15 silly audit   'balanced-match': [ '4.0.4' ],
15 silly audit   'baseline-browser-mapping': [ '2.10.37' ],
15 silly audit   'brace-expansion': [ '5.0.6' ],
15 silly audit   browserslist: [ '4.28.2' ],
15 silly audit   'caniuse-lite': [ '1.0.30001799' ],
15 silly audit   'canvas-confetti': [ '1.9.4' ],
15 silly audit   'chromium-bidi': [ '16.0.1' ],
15 silly audit   zod: [ '3.25.76', '4.4.3' ],
15 silly audit   cliui: [ '8.0.1' ],
15 silly audit   'color-convert': [ '2.0.1' ],
15 silly audit   'color-name': [ '1.1.4' ],
15 silly audit   'convert-source-map': [ '2.0.0' ],
15 silly audit   'cross-spawn': [ '7.0.6' ],
15 silly audit   csstype: [ '3.2.3' ],
15 silly audit   debug: [ '4.4.3' ],
15 silly audit   'deep-is': [ '0.1.4' ],
15 silly audit   'detect-libc': [ '2.1.2' ],
15 silly audit   'devtools-protocol': [ '0.0.1624250' ],
15 silly audit   'electron-to-chromium': [ '1.5.372' ],
15 silly audit   'emoji-regex': [ '8.0.0' ],
15 silly audit   escalade: [ '3.2.0' ],
15 silly audit   'escape-string-regexp': [ '4.0.0' ],
15 silly audit   eslint: [ '10.5.0' ],
15 silly audit   'eslint-plugin-react-hooks': [ '7.1.1' ],
15 silly audit   'eslint-plugin-react-refresh': [ '0.5.2' ],
15 silly audit   'eslint-scope': [ '9.1.2' ],
15 silly audit   espree: [ '11.2.0' ],
15 silly audit   esquery: [ '1.7.0' ],
15 silly audit   esrecurse: [ '4.3.0' ],
15 silly audit   estraverse: [ '5.3.0' ],
15 silly audit   esutils: [ '2.0.3' ],
15 silly audit   'fast-deep-equal': [ '3.1.3' ],
15 silly audit   'fast-json-stable-stringify': [ '2.1.0' ],
15 silly audit   'fast-levenshtein': [ '2.0.6' ],
15 silly audit   fdir: [ '6.5.0' ],
15 silly audit   'file-entry-cache': [ '8.0.0' ],
15 silly audit   'find-up': [ '5.0.0' ],
15 silly audit   'flat-cache': [ '4.0.1' ],
15 silly audit   flatted: [ '3.4.2' ],
15 silly audit   fsevents: [ '2.3.3' ],
15 silly audit   gensync: [ '1.0.0-beta.2' ],
15 silly audit   'get-caller-file': [ '2.0.5' ],
15 silly audit   'glob-parent': [ '6.0.2' ],
15 silly audit   globals: [ '17.6.0' ],
15 silly audit   'hermes-estree': [ '0.25.1' ],
15 silly audit   'hermes-parser': [ '0.25.1' ],
15 silly audit   imurmurhash: [ '0.1.4' ],
15 silly audit   'is-extglob': [ '2.1.1' ],
15 silly audit   'is-fullwidth-code-point': [ '3.0.0' ],
15 silly audit   'is-glob': [ '4.0.3' ],
15 silly audit   isexe: [ '2.0.0' ],
15 silly audit   'js-tokens': [ '4.0.0' ],
15 silly audit   jsesc: [ '3.1.0' ],
15 silly audit   'json-buffer': [ '3.0.1' ],
15 silly audit   'json-schema-traverse': [ '0.4.1' ],
15 silly audit   'json-stable-stringify-without-jsonify': [ '1.0.1' ],
15 silly audit   json5: [ '2.2.3' ],
15 silly audit   keyv: [ '4.5.4' ],
15 silly audit   levn: [ '0.4.1' ],
15 silly audit   lightningcss: [ '1.32.0' ],
15 silly audit   'lightningcss-android-arm64': [ '1.32.0' ],
15 silly audit   'lightningcss-darwin-arm64': [ '1.32.0' ],
15 silly audit   'lightningcss-darwin-x64': [ '1.32.0' ],
15 silly audit   'lightningcss-freebsd-x64': [ '1.32.0' ],
15 silly audit   'lightningcss-linux-arm-gnueabihf': [ '1.32.0' ],
15 silly audit   'lightningcss-linux-arm64-gnu': [ '1.32.0' ],
15 silly audit   'lightningcss-linux-arm64-musl': [ '1.32.0' ],
15 silly audit   'lightningcss-linux-x64-gnu': [ '1.32.0' ],
15 silly audit   'lightningcss-linux-x64-musl': [ '1.32.0' ],
15 silly audit   'lightningcss-win32-arm64-msvc': [ '1.32.0' ],
15 silly audit   'lightningcss-win32-x64-msvc': [ '1.32.0' ],
15 silly audit   'locate-path': [ '6.0.0' ],
15 silly audit   'lru-cache': [ '5.1.1' ],
15 silly audit   'lucide-react': [ '1.18.0' ],
15 silly audit   minimatch: [ '10.2.5' ],
15 silly audit   mitt: [ '3.0.1' ],
15 silly audit   'modern-tar': [ '0.7.6' ],
15 silly audit   ms: [ '2.1.3' ],
15 silly audit   nanoid: [ '3.3.12' ],
15 silly audit   'natural-compare': [ '1.4.0' ],
15 silly audit   'node-releases': [ '2.0.47' ],
15 silly audit   optionator: [ '0.9.4' ],
15 silly audit   'p-limit': [ '3.1.0' ],
15 silly audit   'p-locate': [ '5.0.0' ],
15 silly audit   'path-exists': [ '4.0.0' ],
15 silly audit   'path-key': [ '3.1.1' ],
15 silly audit   picocolors: [ '1.1.1' ],
15 silly audit   picomatch: [ '4.0.4' ],
15 silly audit   postcss: [ '8.5.15' ],
15 silly audit   'prelude-ls': [ '1.2.1' ],
15 silly audit   punycode: [ '2.3.1' ],
15 silly audit   'puppeteer-core': [ '25.1.0' ],
15 silly audit   react: [ '19.2.7' ],
15 silly audit   'react-dom': [ '19.2.7' ],
15 silly audit   'require-directory': [ '2.1.1' ],
15 silly audit   rolldown: [ '1.0.3' ],
15 silly audit   scheduler: [ '0.27.0' ],
15 silly audit   'shebang-command': [ '2.0.0' ],
15 silly audit   'shebang-regex': [ '3.0.0' ],
15 silly audit   'source-map-js': [ '1.2.1' ],
15 silly audit   'string-width': [ '4.2.3' ],
15 silly audit   'strip-ansi': [ '6.0.1' ],
15 silly audit   tinyglobby: [ '0.2.17' ],
15 silly audit   'ts-api-utils': [ '2.5.0' ],
15 silly audit   tslib: [ '2.8.1' ],
15 silly audit   'type-check': [ '0.4.0' ],
15 silly audit   'typed-query-selector': [ '2.12.2' ],
15 silly audit   typescript: [ '6.0.3' ],
15 silly audit   'typescript-eslint': [ '8.61.0' ],
15 silly audit   'undici-types': [ '7.18.2' ],
15 silly audit   'update-browserslist-db': [ '1.2.3' ],
15 silly audit   'uri-js': [ '4.4.1' ],
15 silly audit   vite: [ '8.0.16' ],
15 silly audit   'webdriver-bidi-protocol': [ '0.4.2' ],
15 silly audit   which: [ '2.0.2' ],
15 silly audit   'word-wrap': [ '1.2.5' ],
15 silly audit   'wrap-ansi': [ '7.0.0' ],
15 silly audit   ws: [ '8.21.0' ],
15 silly audit   y18n: [ '5.0.8' ],
15 silly audit   yallist: [ '3.1.1' ],
15 silly audit   yargs: [ '17.7.2' ],
15 silly audit   'yargs-parser': [ '21.1.1' ],
15 silly audit   'yocto-queue': [ '0.1.0' ],
15 silly audit   'zod-validation-error': [ '4.0.2' ]
15 silly audit }
16 http fetch POST 200 https://registry.npmjs.org/-/npm/v1/security/advisories/bulk 658ms
17 silly audit report {}
18 warn allow-scripts 1 package has install scripts not yet covered by allowScripts:
18 warn allow-scripts   fsevents@2.3.3 (install: (install scripts present))
18 warn allow-scripts
18 warn allow-scripts Run `npm approve-scripts --allow-scripts-pending` to review, or `npm approve-scripts <pkg>` to allow.
19 verbose cwd /Users/parva/Downloads/gh-parva-shastri/Personal/mono.arcade/fearless-hawking
20 verbose os Darwin 25.5.0
21 verbose node v26.3.0
22 verbose npm  v11.16.0
23 verbose exit 0
24 info ok
