0 verbose cli /opt/homebrew/Cellar/node/26.3.0/bin/node /opt/homebrew/bin/npm
1 info using npm@11.16.0
2 info using node@v26.3.0
3 silly config load:file:/opt/homebrew/lib/node_modules/npm/npmrc
4 silly config load:file:/Users/parva/Downloads/gh-parva-shastri/Personal/mono.arcade/fearless-hawking/.npmrc
5 silly config load:file:/Users/parva/.npmrc
6 silly config load:file:/opt/homebrew/etc/npmrc
7 verbose title npm install puppeteer-core
8 verbose argv "install" "--save-dev" "--cache" "./local-npm-cache" "puppeteer-core"
9 verbose logfile logs-max:10 dir:/Users/parva/Downloads/gh-parva-shastri/Personal/mono.arcade/fearless-hawking/local-npm-cache/_logs/2026-06-13T15_28_35_399Z-
10 verbose logfile /Users/parva/Downloads/gh-parva-shastri/Personal/mono.arcade/fearless-hawking/local-npm-cache/_logs/2026-06-13T15_28_35_399Z-debug-0.log
11 silly logfile done cleaning log files
12 silly packumentCache heap:2248146944 maxSize:562036736 maxEntrySize:281018368
13 verbose shrinkwrap failed to load node_modules/.package-lock.json out of date, updated: node_modules
14 silly idealTree buildDeps
15 silly fetch manifest puppeteer-core@*
16 silly packumentCache full:https://registry.npmjs.org/puppeteer-core cache-miss
17 http fetch GET 200 https://registry.npmjs.org/puppeteer-core 592ms (cache miss)
18 silly packumentCache full:https://registry.npmjs.org/puppeteer-core set size:undefined disposed:false
19 silly placeDep ROOT puppeteer-core@25.1.0 OK for: fearless-hawking@0.0.0 want: *
20 silly fetch manifest @puppeteer/browsers@3.0.4
21 silly packumentCache full:https://registry.npmjs.org/@puppeteer%2fbrowsers cache-miss
22 silly fetch manifest chromium-bidi@16.0.1
23 silly packumentCache full:https://registry.npmjs.org/chromium-bidi cache-miss
24 silly fetch manifest devtools-protocol@0.0.1624250
25 silly packumentCache full:https://registry.npmjs.org/devtools-protocol cache-miss
26 silly fetch manifest typed-query-selector@^2.12.2
27 silly packumentCache full:https://registry.npmjs.org/typed-query-selector cache-miss
28 silly fetch manifest webdriver-bidi-protocol@0.4.2
29 silly packumentCache full:https://registry.npmjs.org/webdriver-bidi-protocol cache-miss
30 silly fetch manifest ws@^8.21.0
31 silly packumentCache full:https://registry.npmjs.org/ws cache-miss
32 http fetch GET 200 https://registry.npmjs.org/@puppeteer%2fbrowsers 133ms (cache miss)
33 silly packumentCache full:https://registry.npmjs.org/@puppeteer%2fbrowsers set size:undefined disposed:false
34 http fetch GET 200 https://registry.npmjs.org/chromium-bidi 303ms (cache miss)
35 silly packumentCache full:https://registry.npmjs.org/chromium-bidi set size:undefined disposed:false
36 http fetch GET 200 https://registry.npmjs.org/ws 346ms (cache miss)
37 silly packumentCache full:https://registry.npmjs.org/ws set size:undefined disposed:false
38 http fetch GET 200 https://registry.npmjs.org/webdriver-bidi-protocol 522ms (cache miss)
39 silly packumentCache full:https://registry.npmjs.org/webdriver-bidi-protocol set size:undefined disposed:false
40 http fetch GET 200 https://registry.npmjs.org/typed-query-selector 525ms (cache miss)
41 silly packumentCache full:https://registry.npmjs.org/typed-query-selector set size:undefined disposed:false
42 http fetch GET 200 https://registry.npmjs.org/devtools-protocol 883ms (cache miss)
43 silly packumentCache full:https://registry.npmjs.org/devtools-protocol set size:undefined disposed:false
44 silly fetch manifest proxy-agent@>=8.0.1
45 silly packumentCache full:https://registry.npmjs.org/proxy-agent cache-miss
46 http fetch GET 200 https://registry.npmjs.org/proxy-agent 90ms (cache miss)
47 silly packumentCache full:https://registry.npmjs.org/proxy-agent set size:undefined disposed:false
48 silly fetch manifest bufferutil@^4.0.1
49 silly packumentCache full:https://registry.npmjs.org/bufferutil cache-miss
50 http fetch GET 200 https://registry.npmjs.org/bufferutil 83ms (cache miss)
51 silly packumentCache full:https://registry.npmjs.org/bufferutil set size:undefined disposed:false
52 silly fetch manifest utf-8-validate@>=5.0.2
53 silly packumentCache full:https://registry.npmjs.org/utf-8-validate cache-miss
54 http fetch GET 200 https://registry.npmjs.org/utf-8-validate 106ms (cache miss)
55 silly packumentCache full:https://registry.npmjs.org/utf-8-validate set size:undefined disposed:false
56 silly placeDep ROOT @puppeteer/browsers@3.0.4 OK for: puppeteer-core@25.1.0 want: 3.0.4
57 silly placeDep ROOT chromium-bidi@16.0.1 OK for: puppeteer-core@25.1.0 want: 16.0.1
58 silly placeDep ROOT devtools-protocol@0.0.1624250 OK for: chromium-bidi@16.0.1 want: *
59 silly placeDep ROOT typed-query-selector@2.12.2 OK for: puppeteer-core@25.1.0 want: ^2.12.2
60 silly placeDep ROOT webdriver-bidi-protocol@0.4.2 OK for: puppeteer-core@25.1.0 want: 0.4.2
61 silly placeDep ROOT ws@8.21.0 OK for: puppeteer-core@25.1.0 want: ^8.21.0
62 silly fetch manifest modern-tar@^0.7.6
63 silly packumentCache full:https://registry.npmjs.org/modern-tar cache-miss
64 silly fetch manifest yargs@^17.7.2
65 silly packumentCache full:https://registry.npmjs.org/yargs cache-miss
66 silly fetch manifest mitt@^3.0.1
67 silly packumentCache full:https://registry.npmjs.org/mitt cache-miss
68 silly fetch manifest zod@^3.24.1
69 silly packumentCache full:https://registry.npmjs.org/zod cache-miss
70 http fetch GET 200 https://registry.npmjs.org/mitt 128ms (cache miss)
71 silly packumentCache full:https://registry.npmjs.org/mitt set size:undefined disposed:false
72 http fetch GET 200 https://registry.npmjs.org/yargs 215ms (cache miss)
73 silly packumentCache full:https://registry.npmjs.org/yargs set size:undefined disposed:false
74 http fetch GET 200 https://registry.npmjs.org/zod 262ms (cache miss)
75 silly packumentCache full:https://registry.npmjs.org/zod set size:undefined disposed:false
76 http fetch GET 200 https://registry.npmjs.org/modern-tar 317ms (cache miss)
77 silly packumentCache full:https://registry.npmjs.org/modern-tar set size:undefined disposed:false
78 silly placeDep ROOT modern-tar@0.7.6 OK for: @puppeteer/browsers@3.0.4 want: ^0.7.6
79 silly placeDep ROOT yargs@17.7.2 OK for: @puppeteer/browsers@3.0.4 want: ^17.7.2
80 silly fetch manifest y18n@^5.0.5
81 silly packumentCache full:https://registry.npmjs.org/y18n cache-miss
82 silly fetch manifest cliui@^8.0.1
83 silly packumentCache full:https://registry.npmjs.org/cliui cache-miss
84 silly fetch manifest string-width@^4.2.3
85 silly packumentCache full:https://registry.npmjs.org/string-width cache-miss
86 silly fetch manifest yargs-parser@^21.1.1
87 silly packumentCache full:https://registry.npmjs.org/yargs-parser cache-miss
88 silly fetch manifest get-caller-file@^2.0.5
89 silly packumentCache full:https://registry.npmjs.org/get-caller-file cache-miss
90 silly fetch manifest require-directory@^2.1.1
91 silly packumentCache full:https://registry.npmjs.org/require-directory cache-miss
92 http fetch GET 200 https://registry.npmjs.org/y18n 81ms (cache miss)
93 silly packumentCache full:https://registry.npmjs.org/y18n set size:undefined disposed:false
94 http fetch GET 200 https://registry.npmjs.org/string-width 89ms (cache miss)
95 silly packumentCache full:https://registry.npmjs.org/string-width set size:undefined disposed:false
96 http fetch GET 200 https://registry.npmjs.org/get-caller-file 92ms (cache miss)
97 silly packumentCache full:https://registry.npmjs.org/get-caller-file set size:undefined disposed:false
98 http fetch GET 200 https://registry.npmjs.org/cliui 93ms (cache miss)
99 silly packumentCache full:https://registry.npmjs.org/cliui set size:undefined disposed:false
100 http fetch GET 200 https://registry.npmjs.org/require-directory 100ms (cache miss)
101 silly packumentCache full:https://registry.npmjs.org/require-directory set size:undefined disposed:false
102 http fetch GET 200 https://registry.npmjs.org/yargs-parser 116ms (cache miss)
103 silly packumentCache full:https://registry.npmjs.org/yargs-parser set size:undefined disposed:false
104 silly placeDep ROOT mitt@3.0.1 OK for: chromium-bidi@16.0.1 want: ^3.0.1
105 silly placeDep node_modules/chromium-bidi zod@3.25.76 OK for: chromium-bidi@16.0.1 want: ^3.24.1
106 silly placeDep ROOT cliui@8.0.1 OK for: yargs@17.7.2 want: ^8.0.1
107 silly placeDep ROOT get-caller-file@2.0.5 OK for: yargs@17.7.2 want: ^2.0.5
108 silly placeDep ROOT require-directory@2.1.1 OK for: yargs@17.7.2 want: ^2.1.1
109 silly placeDep ROOT string-width@4.2.3 OK for: yargs@17.7.2 want: ^4.2.3
110 silly placeDep ROOT y18n@5.0.8 OK for: yargs@17.7.2 want: ^5.0.5
111 silly placeDep ROOT yargs-parser@21.1.1 OK for: yargs@17.7.2 want: ^21.1.1
112 silly fetch manifest wrap-ansi@^7.0.0
113 silly packumentCache full:https://registry.npmjs.org/wrap-ansi cache-miss
114 silly fetch manifest strip-ansi@^6.0.1
115 silly packumentCache full:https://registry.npmjs.org/strip-ansi cache-miss
116 silly fetch manifest string-width@^4.2.0
117 silly packumentCache full:https://registry.npmjs.org/string-width cache-miss
118 silly fetch manifest strip-ansi@^6.0.1
119 silly packumentCache full:https://registry.npmjs.org/strip-ansi cache-miss
120 silly fetch manifest emoji-regex@^8.0.0
121 silly packumentCache full:https://registry.npmjs.org/emoji-regex cache-miss
122 silly fetch manifest is-fullwidth-code-point@^3.0.0
123 silly packumentCache full:https://registry.npmjs.org/is-fullwidth-code-point cache-miss
124 http cache https://registry.npmjs.org/string-width 4ms (cache hit)
125 silly packumentCache full:https://registry.npmjs.org/string-width set size:70381 disposed:false
126 http fetch GET 200 https://registry.npmjs.org/wrap-ansi 94ms (cache miss)
127 silly packumentCache full:https://registry.npmjs.org/wrap-ansi set size:undefined disposed:false
128 http fetch GET 200 https://registry.npmjs.org/strip-ansi 104ms (cache miss)
129 silly packumentCache full:https://registry.npmjs.org/strip-ansi set size:undefined disposed:false
130 http fetch GET 200 https://registry.npmjs.org/strip-ansi 104ms (cache miss)
131 silly packumentCache full:https://registry.npmjs.org/strip-ansi set size:undefined disposed:false
132 http fetch GET 200 https://registry.npmjs.org/is-fullwidth-code-point 105ms (cache miss)
133 silly packumentCache full:https://registry.npmjs.org/is-fullwidth-code-point set size:undefined disposed:false
134 http fetch GET 200 https://registry.npmjs.org/emoji-regex 119ms (cache miss)
135 silly packumentCache full:https://registry.npmjs.org/emoji-regex set size:undefined disposed:false
136 silly placeDep ROOT strip-ansi@6.0.1 OK for: cliui@8.0.1 want: ^6.0.1
137 silly placeDep ROOT wrap-ansi@7.0.0 OK for: cliui@8.0.1 want: ^7.0.0
138 silly fetch manifest ansi-regex@^5.0.1
139 silly packumentCache full:https://registry.npmjs.org/ansi-regex cache-miss
140 silly fetch manifest ansi-styles@^4.0.0
141 silly packumentCache full:https://registry.npmjs.org/ansi-styles cache-miss
142 http fetch GET 200 https://registry.npmjs.org/ansi-styles 86ms (cache miss)
143 silly packumentCache full:https://registry.npmjs.org/ansi-styles set size:undefined disposed:false
144 http fetch GET 200 https://registry.npmjs.org/ansi-regex 88ms (cache miss)
145 silly packumentCache full:https://registry.npmjs.org/ansi-regex set size:undefined disposed:false
146 silly placeDep ROOT emoji-regex@8.0.0 OK for: string-width@4.2.3 want: ^8.0.0
147 silly placeDep ROOT is-fullwidth-code-point@3.0.0 OK for: string-width@4.2.3 want: ^3.0.0
148 silly placeDep ROOT ansi-regex@5.0.1 OK for: strip-ansi@6.0.1 want: ^5.0.1
149 silly placeDep ROOT ansi-styles@4.3.0 OK for: wrap-ansi@7.0.0 want: ^4.0.0
150 silly fetch manifest color-convert@^2.0.1
151 silly packumentCache full:https://registry.npmjs.org/color-convert cache-miss
152 http fetch GET 200 https://registry.npmjs.org/color-convert 96ms (cache miss)
153 silly packumentCache full:https://registry.npmjs.org/color-convert set size:undefined disposed:false
154 silly placeDep ROOT color-convert@2.0.1 OK for: ansi-styles@4.3.0 want: ^2.0.1
155 silly fetch manifest color-name@~1.1.4
156 silly packumentCache full:https://registry.npmjs.org/color-name cache-miss
157 http fetch GET 200 https://registry.npmjs.org/color-name 84ms (cache miss)
158 silly packumentCache full:https://registry.npmjs.org/color-name set size:undefined disposed:false
159 silly placeDep ROOT color-name@1.1.4 OK for: color-convert@2.0.1 want: ~1.1.4
160 silly reify moves {}
161 silly audit bulk request {
161 silly audit   '@babel/code-frame': [ '7.29.7' ],
161 silly audit   '@babel/compat-data': [ '7.29.7' ],
161 silly audit   '@babel/core': [ '7.29.7' ],
161 silly audit   '@babel/generator': [ '7.29.7' ],
161 silly audit   '@babel/helper-compilation-targets': [ '7.29.7' ],
161 silly audit   '@babel/helper-globals': [ '7.29.7' ],
161 silly audit   '@babel/helper-module-imports': [ '7.29.7' ],
161 silly audit   '@babel/helper-module-transforms': [ '7.29.7' ],
161 silly audit   '@babel/helper-string-parser': [ '7.29.7' ],
161 silly audit   '@babel/helper-validator-identifier': [ '7.29.7' ],
161 silly audit   '@babel/helper-validator-option': [ '7.29.7' ],
161 silly audit   '@babel/helpers': [ '7.29.7' ],
161 silly audit   '@babel/parser': [ '7.29.7' ],
161 silly audit   '@babel/template': [ '7.29.7' ],
161 silly audit   '@babel/traverse': [ '7.29.7' ],
161 silly audit   '@babel/types': [ '7.29.7' ],
161 silly audit   '@emnapi/core': [ '1.10.0' ],
161 silly audit   '@emnapi/runtime': [ '1.10.0' ],
161 silly audit   '@emnapi/wasi-threads': [ '1.2.1' ],
161 silly audit   '@eslint-community/eslint-utils': [ '4.9.1' ],
161 silly audit   'eslint-visitor-keys': [ '3.4.3', '5.0.1' ],
161 silly audit   '@eslint-community/regexpp': [ '4.12.2' ],
161 silly audit   '@eslint/config-array': [ '0.23.5' ],
161 silly audit   '@eslint/config-helpers': [ '0.6.0' ],
161 silly audit   '@eslint/core': [ '1.2.1' ],
161 silly audit   '@eslint/js': [ '10.0.1' ],
161 silly audit   '@eslint/object-schema': [ '3.0.5' ],
161 silly audit   '@eslint/plugin-kit': [ '0.7.2' ],
161 silly audit   '@humanfs/core': [ '0.19.2' ],
161 silly audit   '@humanfs/node': [ '0.16.8' ],
161 silly audit   '@humanfs/types': [ '0.15.0' ],
161 silly audit   '@humanwhocodes/module-importer': [ '1.0.1' ],
161 silly audit   '@humanwhocodes/retry': [ '0.4.3' ],
161 silly audit   '@jridgewell/gen-mapping': [ '0.3.13' ],
161 silly audit   '@jridgewell/remapping': [ '2.3.5' ],
161 silly audit   '@jridgewell/resolve-uri': [ '3.1.2' ],
161 silly audit   '@jridgewell/sourcemap-codec': [ '1.5.5' ],
161 silly audit   '@jridgewell/trace-mapping': [ '0.3.31' ],
161 silly audit   '@napi-rs/wasm-runtime': [ '1.1.5' ],
161 silly audit   '@oxc-project/types': [ '0.133.0' ],
161 silly audit   '@rolldown/binding-android-arm64': [ '1.0.3' ],
161 silly audit   '@rolldown/binding-darwin-arm64': [ '1.0.3' ],
161 silly audit   '@rolldown/binding-darwin-x64': [ '1.0.3' ],
161 silly audit   '@rolldown/binding-freebsd-x64': [ '1.0.3' ],
161 silly audit   '@rolldown/binding-linux-arm-gnueabihf': [ '1.0.3' ],
161 silly audit   '@rolldown/binding-linux-arm64-gnu': [ '1.0.3' ],
161 silly audit   '@rolldown/binding-linux-arm64-musl': [ '1.0.3' ],
161 silly audit   '@rolldown/binding-linux-ppc64-gnu': [ '1.0.3' ],
161 silly audit   '@rolldown/binding-linux-s390x-gnu': [ '1.0.3' ],
161 silly audit   '@rolldown/binding-linux-x64-gnu': [ '1.0.3' ],
161 silly audit   '@rolldown/binding-linux-x64-musl': [ '1.0.3' ],
161 silly audit   '@rolldown/binding-openharmony-arm64': [ '1.0.3' ],
161 silly audit   '@rolldown/binding-wasm32-wasi': [ '1.0.3' ],
161 silly audit   '@rolldown/binding-win32-arm64-msvc': [ '1.0.3' ],
161 silly audit   '@rolldown/binding-win32-x64-msvc': [ '1.0.3' ],
161 silly audit   '@rolldown/pluginutils': [ '1.0.1' ],
161 silly audit   '@tybys/wasm-util': [ '0.10.2' ],
161 silly audit   '@types/canvas-confetti': [ '1.9.0' ],
161 silly audit   '@types/esrecurse': [ '4.3.1' ],
161 silly audit   '@types/estree': [ '1.0.9' ],
161 silly audit   '@types/json-schema': [ '7.0.15' ],
161 silly audit   '@types/node': [ '24.13.2' ],
161 silly audit   '@types/react': [ '19.2.17' ],
161 silly audit   '@types/react-dom': [ '19.2.3' ],
161 silly audit   '@typescript-eslint/eslint-plugin': [ '8.61.0' ],
161 silly audit   ignore: [ '7.0.5', '5.3.2' ],
161 silly audit   '@typescript-eslint/parser': [ '8.61.0' ],
161 silly audit   '@typescript-eslint/project-service': [ '8.61.0' ],
161 silly audit   '@typescript-eslint/scope-manager': [ '8.61.0' ],
161 silly audit   '@typescript-eslint/tsconfig-utils': [ '8.61.0' ],
161 silly audit   '@typescript-eslint/type-utils': [ '8.61.0' ],
161 silly audit   '@typescript-eslint/types': [ '8.61.0' ],
161 silly audit   '@typescript-eslint/typescript-estree': [ '8.61.0' ],
161 silly audit   semver: [ '7.8.4', '6.3.1' ],
161 silly audit   '@typescript-eslint/utils': [ '8.61.0' ],
161 silly audit   '@typescript-eslint/visitor-keys': [ '8.61.0' ],
161 silly audit   '@vitejs/plugin-react': [ '6.0.2' ],
161 silly audit   acorn: [ '8.17.0' ],
161 silly audit   'acorn-jsx': [ '5.3.2' ],
161 silly audit   ajv: [ '6.15.0' ],
161 silly audit   'balanced-match': [ '4.0.4' ],
161 silly audit   'baseline-browser-mapping': [ '2.10.37' ],
161 silly audit   'brace-expansion': [ '5.0.6' ],
161 silly audit   browserslist: [ '4.28.2' ],
161 silly audit   'caniuse-lite': [ '1.0.30001799' ],
161 silly audit   'canvas-confetti': [ '1.9.4' ],
161 silly audit   'convert-source-map': [ '2.0.0' ],
161 silly audit   'cross-spawn': [ '7.0.6' ],
161 silly audit   csstype: [ '3.2.3' ],
161 silly audit   debug: [ '4.4.3' ],
161 silly audit   'deep-is': [ '0.1.4' ],
161 silly audit   'detect-libc': [ '2.1.2' ],
161 silly audit   'electron-to-chromium': [ '1.5.372' ],
161 silly audit   escalade: [ '3.2.0' ],
161 silly audit   'escape-string-regexp': [ '4.0.0' ],
161 silly audit   eslint: [ '10.5.0' ],
161 silly audit   'eslint-plugin-react-hooks': [ '7.1.1' ],
161 silly audit   'eslint-plugin-react-refresh': [ '0.5.2' ],
161 silly audit   'eslint-scope': [ '9.1.2' ],
161 silly audit   espree: [ '11.2.0' ],
161 silly audit   esquery: [ '1.7.0' ],
161 silly audit   esrecurse: [ '4.3.0' ],
161 silly audit   estraverse: [ '5.3.0' ],
161 silly audit   esutils: [ '2.0.3' ],
161 silly audit   'fast-deep-equal': [ '3.1.3' ],
161 silly audit   'fast-json-stable-stringify': [ '2.1.0' ],
161 silly audit   'fast-levenshtein': [ '2.0.6' ],
161 silly audit   fdir: [ '6.5.0' ],
161 silly audit   'file-entry-cache': [ '8.0.0' ],
161 silly audit   'find-up': [ '5.0.0' ],
161 silly audit   'flat-cache': [ '4.0.1' ],
161 silly audit   flatted: [ '3.4.2' ],
161 silly audit   fsevents: [ '2.3.3' ],
161 silly audit   gensync: [ '1.0.0-beta.2' ],
161 silly audit   'glob-parent': [ '6.0.2' ],
161 silly audit   globals: [ '17.6.0' ],
161 silly audit   'hermes-estree': [ '0.25.1' ],
161 silly audit   'hermes-parser': [ '0.25.1' ],
161 silly audit   imurmurhash: [ '0.1.4' ],
161 silly audit   'is-extglob': [ '2.1.1' ],
161 silly audit   'is-glob': [ '4.0.3' ],
161 silly audit   isexe: [ '2.0.0' ],
161 silly audit   'js-tokens': [ '4.0.0' ],
161 silly audit   jsesc: [ '3.1.0' ],
161 silly audit   'json-buffer': [ '3.0.1' ],
161 silly audit   'json-schema-traverse': [ '0.4.1' ],
161 silly audit   'json-stable-stringify-without-jsonify': [ '1.0.1' ],
161 silly audit   json5: [ '2.2.3' ],
161 silly audit   keyv: [ '4.5.4' ],
161 silly audit   levn: [ '0.4.1' ],
161 silly audit   lightningcss: [ '1.32.0' ],
161 silly audit   'lightningcss-android-arm64': [ '1.32.0' ],
161 silly audit   'lightningcss-darwin-arm64': [ '1.32.0' ],
161 silly audit   'lightningcss-darwin-x64': [ '1.32.0' ],
161 silly audit   'lightningcss-freebsd-x64': [ '1.32.0' ],
161 silly audit   'lightningcss-linux-arm-gnueabihf': [ '1.32.0' ],
161 silly audit   'lightningcss-linux-arm64-gnu': [ '1.32.0' ],
161 silly audit   'lightningcss-linux-arm64-musl': [ '1.32.0' ],
161 silly audit   'lightningcss-linux-x64-gnu': [ '1.32.0' ],
161 silly audit   'lightningcss-linux-x64-musl': [ '1.32.0' ],
161 silly audit   'lightningcss-win32-arm64-msvc': [ '1.32.0' ],
161 silly audit   'lightningcss-win32-x64-msvc': [ '1.32.0' ],
161 silly audit   'locate-path': [ '6.0.0' ],
161 silly audit   'lru-cache': [ '5.1.1' ],
161 silly audit   'lucide-react': [ '1.18.0' ],
161 silly audit   minimatch: [ '10.2.5' ],
161 silly audit   ms: [ '2.1.3' ],
161 silly audit   nanoid: [ '3.3.12' ],
161 silly audit   'natural-compare': [ '1.4.0' ],
161 silly audit   'node-releases': [ '2.0.47' ],
161 silly audit   optionator: [ '0.9.4' ],
161 silly audit   'p-limit': [ '3.1.0' ],
161 silly audit   'p-locate': [ '5.0.0' ],
161 silly audit   'path-exists': [ '4.0.0' ],
161 silly audit   'path-key': [ '3.1.1' ],
161 silly audit   picocolors: [ '1.1.1' ],
161 silly audit   picomatch: [ '4.0.4' ],
161 silly audit   postcss: [ '8.5.15' ],
161 silly audit   'prelude-ls': [ '1.2.1' ],
161 silly audit   punycode: [ '2.3.1' ],
161 silly audit   react: [ '19.2.7' ],
161 silly audit   'react-dom': [ '19.2.7' ],
161 silly audit   rolldown: [ '1.0.3' ],
161 silly audit   scheduler: [ '0.27.0' ],
161 silly audit   'shebang-command': [ '2.0.0' ],
161 silly audit   'shebang-regex': [ '3.0.0' ],
161 silly audit   'source-map-js': [ '1.2.1' ],
161 silly audit   tinyglobby: [ '0.2.17' ],
161 silly audit   'ts-api-utils': [ '2.5.0' ],
161 silly audit   tslib: [ '2.8.1' ],
161 silly audit   'type-check': [ '0.4.0' ],
161 silly audit   typescript: [ '6.0.3' ],
161 silly audit   'typescript-eslint': [ '8.61.0' ],
161 silly audit   'undici-types': [ '7.18.2' ],
161 silly audit   'update-browserslist-db': [ '1.2.3' ],
161 silly audit   'uri-js': [ '4.4.1' ],
161 silly audit   vite: [ '8.0.16' ],
161 silly audit   which: [ '2.0.2' ],
161 silly audit   'word-wrap': [ '1.2.5' ],
161 silly audit   yallist: [ '3.1.1' ],
161 silly audit   'yocto-queue': [ '0.1.0' ],
161 silly audit   zod: [ '4.4.3', '3.25.76' ],
161 silly audit   'zod-validation-error': [ '4.0.2' ],
161 silly audit   'puppeteer-core': [ '25.1.0' ],
161 silly audit   '@puppeteer/browsers': [ '3.0.4' ],
161 silly audit   'chromium-bidi': [ '16.0.1' ],
161 silly audit   'devtools-protocol': [ '0.0.1624250' ],
161 silly audit   'typed-query-selector': [ '2.12.2' ],
161 silly audit   'webdriver-bidi-protocol': [ '0.4.2' ],
161 silly audit   ws: [ '8.21.0' ],
161 silly audit   'modern-tar': [ '0.7.6' ],
161 silly audit   yargs: [ '17.7.2' ],
161 silly audit   mitt: [ '3.0.1' ],
161 silly audit   cliui: [ '8.0.1' ],
161 silly audit   'get-caller-file': [ '2.0.5' ],
161 silly audit   'require-directory': [ '2.1.1' ],
161 silly audit   'string-width': [ '4.2.3' ],
161 silly audit   y18n: [ '5.0.8' ],
161 silly audit   'yargs-parser': [ '21.1.1' ],
161 silly audit   'strip-ansi': [ '6.0.1' ],
161 silly audit   'wrap-ansi': [ '7.0.0' ],
161 silly audit   'emoji-regex': [ '8.0.0' ],
161 silly audit   'is-fullwidth-code-point': [ '3.0.0' ],
161 silly audit   'ansi-regex': [ '5.0.1' ],
161 silly audit   'ansi-styles': [ '4.3.0' ],
161 silly audit   'color-convert': [ '2.0.1' ],
161 silly audit   'color-name': [ '1.1.4' ]
161 silly audit }
162 http cache color-name@https://registry.npmjs.org/color-name/-/color-name-1.1.4.tgz 0ms (cache hit)
163 http cache color-convert@https://registry.npmjs.org/color-convert/-/color-convert-2.0.1.tgz 0ms (cache hit)
164 http cache ansi-styles@https://registry.npmjs.org/ansi-styles/-/ansi-styles-4.3.0.tgz 0ms (cache hit)
165 http cache is-fullwidth-code-point@https://registry.npmjs.org/is-fullwidth-code-point/-/is-fullwidth-code-point-3.0.0.tgz 0ms (cache hit)
166 http cache ansi-regex@https://registry.npmjs.org/ansi-regex/-/ansi-regex-5.0.1.tgz 0ms (cache hit)
167 http cache emoji-regex@https://registry.npmjs.org/emoji-regex/-/emoji-regex-8.0.0.tgz 0ms (cache hit)
168 http cache wrap-ansi@https://registry.npmjs.org/wrap-ansi/-/wrap-ansi-7.0.0.tgz 0ms (cache hit)
169 http cache yargs-parser@https://registry.npmjs.org/yargs-parser/-/yargs-parser-21.1.1.tgz 0ms (cache hit)
170 http cache y18n@https://registry.npmjs.org/y18n/-/y18n-5.0.8.tgz 0ms (cache hit)
171 http cache strip-ansi@https://registry.npmjs.org/strip-ansi/-/strip-ansi-6.0.1.tgz 0ms (cache hit)
172 http cache string-width@https://registry.npmjs.org/string-width/-/string-width-4.2.3.tgz 0ms (cache hit)
173 http cache require-directory@https://registry.npmjs.org/require-directory/-/require-directory-2.1.1.tgz 0ms (cache hit)
174 http cache get-caller-file@https://registry.npmjs.org/get-caller-file/-/get-caller-file-2.0.5.tgz 0ms (cache hit)
175 http cache cliui@https://registry.npmjs.org/cliui/-/cliui-8.0.1.tgz 0ms (cache hit)
176 http cache mitt@https://registry.npmjs.org/mitt/-/mitt-3.0.1.tgz 0ms (cache hit)
177 http cache modern-tar@https://registry.npmjs.org/modern-tar/-/modern-tar-0.7.6.tgz 0ms (cache hit)
178 http cache ws@https://registry.npmjs.org/ws/-/ws-8.21.0.tgz 0ms (cache hit)
179 http cache webdriver-bidi-protocol@https://registry.npmjs.org/webdriver-bidi-protocol/-/webdriver-bidi-protocol-0.4.2.tgz 0ms (cache hit)
180 http cache yargs@https://registry.npmjs.org/yargs/-/yargs-17.7.2.tgz 0ms (cache hit)
181 http cache typed-query-selector@https://registry.npmjs.org/typed-query-selector/-/typed-query-selector-2.12.2.tgz 0ms (cache hit)
182 http cache devtools-protocol@https://registry.npmjs.org/devtools-protocol/-/devtools-protocol-0.0.1624250.tgz 0ms (cache hit)
183 http cache chromium-bidi@https://registry.npmjs.org/chromium-bidi/-/chromium-bidi-16.0.1.tgz 0ms (cache hit)
184 http cache @puppeteer/browsers@https://registry.npmjs.org/@puppeteer/browsers/-/browsers-3.0.4.tgz 0ms (cache hit)
185 http cache puppeteer-core@https://registry.npmjs.org/puppeteer-core/-/puppeteer-core-25.1.0.tgz 0ms (cache hit)
186 http cache zod@https://registry.npmjs.org/zod/-/zod-3.25.76.tgz 0ms (cache hit)
187 silly tarball no local data for color-name@https://registry.npmjs.org/color-name/-/color-name-1.1.4.tgz. Extracting by manifest.
188 silly tarball no local data for color-convert@https://registry.npmjs.org/color-convert/-/color-convert-2.0.1.tgz. Extracting by manifest.
189 silly tarball no local data for ansi-styles@https://registry.npmjs.org/ansi-styles/-/ansi-styles-4.3.0.tgz. Extracting by manifest.
190 silly tarball no local data for is-fullwidth-code-point@https://registry.npmjs.org/is-fullwidth-code-point/-/is-fullwidth-code-point-3.0.0.tgz. Extracting by manifest.
191 silly tarball no local data for ansi-regex@https://registry.npmjs.org/ansi-regex/-/ansi-regex-5.0.1.tgz. Extracting by manifest.
192 silly tarball no local data for emoji-regex@https://registry.npmjs.org/emoji-regex/-/emoji-regex-8.0.0.tgz. Extracting by manifest.
193 silly tarball no local data for wrap-ansi@https://registry.npmjs.org/wrap-ansi/-/wrap-ansi-7.0.0.tgz. Extracting by manifest.
194 silly tarball no local data for yargs-parser@https://registry.npmjs.org/yargs-parser/-/yargs-parser-21.1.1.tgz. Extracting by manifest.
195 silly tarball no local data for y18n@https://registry.npmjs.org/y18n/-/y18n-5.0.8.tgz. Extracting by manifest.
196 silly tarball no local data for strip-ansi@https://registry.npmjs.org/strip-ansi/-/strip-ansi-6.0.1.tgz. Extracting by manifest.
197 silly tarball no local data for string-width@https://registry.npmjs.org/string-width/-/string-width-4.2.3.tgz. Extracting by manifest.
198 silly tarball no local data for require-directory@https://registry.npmjs.org/require-directory/-/require-directory-2.1.1.tgz. Extracting by manifest.
199 silly tarball no local data for get-caller-file@https://registry.npmjs.org/get-caller-file/-/get-caller-file-2.0.5.tgz. Extracting by manifest.
200 silly tarball no local data for cliui@https://registry.npmjs.org/cliui/-/cliui-8.0.1.tgz. Extracting by manifest.
201 silly tarball no local data for mitt@https://registry.npmjs.org/mitt/-/mitt-3.0.1.tgz. Extracting by manifest.
202 silly tarball no local data for modern-tar@https://registry.npmjs.org/modern-tar/-/modern-tar-0.7.6.tgz. Extracting by manifest.
203 silly tarball no local data for ws@https://registry.npmjs.org/ws/-/ws-8.21.0.tgz. Extracting by manifest.
204 silly tarball no local data for webdriver-bidi-protocol@https://registry.npmjs.org/webdriver-bidi-protocol/-/webdriver-bidi-protocol-0.4.2.tgz. Extracting by manifest.
205 silly tarball no local data for yargs@https://registry.npmjs.org/yargs/-/yargs-17.7.2.tgz. Extracting by manifest.
206 silly tarball no local data for typed-query-selector@https://registry.npmjs.org/typed-query-selector/-/typed-query-selector-2.12.2.tgz. Extracting by manifest.
207 silly tarball no local data for devtools-protocol@https://registry.npmjs.org/devtools-protocol/-/devtools-protocol-0.0.1624250.tgz. Extracting by manifest.
208 silly tarball no local data for chromium-bidi@https://registry.npmjs.org/chromium-bidi/-/chromium-bidi-16.0.1.tgz. Extracting by manifest.
209 silly tarball no local data for @puppeteer/browsers@https://registry.npmjs.org/@puppeteer/browsers/-/browsers-3.0.4.tgz. Extracting by manifest.
210 silly tarball no local data for puppeteer-core@https://registry.npmjs.org/puppeteer-core/-/puppeteer-core-25.1.0.tgz. Extracting by manifest.
211 silly tarball no local data for zod@https://registry.npmjs.org/zod/-/zod-3.25.76.tgz. Extracting by manifest.
212 http fetch GET 200 https://registry.npmjs.org/color-convert/-/color-convert-2.0.1.tgz 76ms (cache miss)
213 http fetch GET 200 https://registry.npmjs.org/color-name/-/color-name-1.1.4.tgz 77ms (cache miss)
214 http fetch GET 200 https://registry.npmjs.org/ansi-styles/-/ansi-styles-4.3.0.tgz 83ms (cache miss)
215 http fetch GET 200 https://registry.npmjs.org/is-fullwidth-code-point/-/is-fullwidth-code-point-3.0.0.tgz 84ms (cache miss)
216 http fetch GET 200 https://registry.npmjs.org/ansi-regex/-/ansi-regex-5.0.1.tgz 84ms (cache miss)
217 http fetch GET 200 https://registry.npmjs.org/mitt/-/mitt-3.0.1.tgz 157ms (cache miss)
218 http fetch GET 200 https://registry.npmjs.org/modern-tar/-/modern-tar-0.7.6.tgz 173ms (cache miss)
219 http fetch GET 200 https://registry.npmjs.org/ws/-/ws-8.21.0.tgz 179ms (cache miss)
220 http fetch GET 200 https://registry.npmjs.org/webdriver-bidi-protocol/-/webdriver-bidi-protocol-0.4.2.tgz 180ms (cache miss)
221 http fetch GET 200 https://registry.npmjs.org/yargs/-/yargs-17.7.2.tgz 190ms (cache miss)
222 http fetch GET 200 https://registry.npmjs.org/typed-query-selector/-/typed-query-selector-2.12.2.tgz 223ms (cache miss)
223 http fetch GET 200 https://registry.npmjs.org/strip-ansi/-/strip-ansi-6.0.1.tgz 288ms (cache miss)
224 http fetch GET 200 https://registry.npmjs.org/require-directory/-/require-directory-2.1.1.tgz 291ms (cache miss)
225 http fetch GET 200 https://registry.npmjs.org/y18n/-/y18n-5.0.8.tgz 292ms (cache miss)
226 http fetch GET 200 https://registry.npmjs.org/wrap-ansi/-/wrap-ansi-7.0.0.tgz 292ms (cache miss)
227 http fetch GET 200 https://registry.npmjs.org/get-caller-file/-/get-caller-file-2.0.5.tgz 291ms (cache miss)
228 http fetch GET 200 https://registry.npmjs.org/emoji-regex/-/emoji-regex-8.0.0.tgz 293ms (cache miss)
229 http fetch GET 200 https://registry.npmjs.org/string-width/-/string-width-4.2.3.tgz 292ms (cache miss)
230 http fetch GET 200 https://registry.npmjs.org/cliui/-/cliui-8.0.1.tgz 291ms (cache miss)
231 http fetch GET 200 https://registry.npmjs.org/yargs-parser/-/yargs-parser-21.1.1.tgz 297ms (cache miss)
232 http fetch POST 200 https://registry.npmjs.org/-/npm/v1/security/advisories/bulk 335ms
233 silly audit report {}
234 http fetch GET 200 https://registry.npmjs.org/devtools-protocol/-/devtools-protocol-0.0.1624250.tgz 390ms (cache miss)
235 http fetch GET 200 https://registry.npmjs.org/@puppeteer/browsers/-/browsers-3.0.4.tgz 558ms (cache miss)
236 http fetch GET 200 https://registry.npmjs.org/chromium-bidi/-/chromium-bidi-16.0.1.tgz 753ms (cache miss)
237 http fetch GET 200 https://registry.npmjs.org/zod/-/zod-3.25.76.tgz 788ms (cache miss)
238 http fetch GET 200 https://registry.npmjs.org/puppeteer-core/-/puppeteer-core-25.1.0.tgz 1017ms (cache miss)
239 silly ADD node_modules/color-name
240 silly ADD node_modules/color-convert
241 silly ADD node_modules/ansi-styles
242 silly ADD node_modules/ansi-regex
243 silly ADD node_modules/is-fullwidth-code-point
244 silly ADD node_modules/emoji-regex
245 silly ADD node_modules/wrap-ansi
246 silly ADD node_modules/strip-ansi
247 silly ADD node_modules/yargs-parser
248 silly ADD node_modules/y18n
249 silly ADD node_modules/string-width
250 silly ADD node_modules/require-directory
251 silly ADD node_modules/get-caller-file
252 silly ADD node_modules/cliui
253 silly ADD node_modules/mitt
254 silly ADD node_modules/yargs
255 silly ADD node_modules/modern-tar
256 silly ADD node_modules/ws
257 silly ADD node_modules/webdriver-bidi-protocol
258 silly ADD node_modules/typed-query-selector
259 silly ADD node_modules/devtools-protocol
260 silly ADD node_modules/chromium-bidi
261 silly ADD node_modules/chromium-bidi/node_modules/zod
262 silly ADD node_modules/@puppeteer/browsers
263 silly ADD node_modules/puppeteer-core
264 warn allow-scripts 1 package has install scripts not yet covered by allowScripts:
264 warn allow-scripts   fsevents@2.3.3 (install: (install scripts present))
264 warn allow-scripts
264 warn allow-scripts Run `npm approve-scripts --allow-scripts-pending` to review, or `npm approve-scripts <pkg>` to allow.
265 verbose cwd /Users/parva/Downloads/gh-parva-shastri/Personal/mono.arcade/fearless-hawking
266 verbose os Darwin 25.5.0
267 verbose node v26.3.0
268 verbose npm  v11.16.0
269 verbose exit 0
270 info ok
